<?xml version="1.0" encoding="utf-8"?>
<robot generated="20250305 15:09:59.709" generator="Rebot 6.0.2 (Python 3.13.2 on win32)" rpa="false" schemaversion="3">
 <suite id="s1" name="Tests" source="C:\Replay\PVH\Tests">
  <kw name="Setup highest level suite" type="SETUP">
   <kw library="BuiltIn" name="Set Variable">
    <var>
     ${d.test_server}
    </var>
    <arg>
     ${test_server}
    </arg>
    <doc>
     Returns the given values which can then be assigned to a variables.
    </doc>
    <msg level="INFO" timestamp="20250305 15:09:38.855">
     ${d.test_server} = Dev
    </msg>
    <status endtime="20250305 15:09:38.855" starttime="20250305 15:09:38.854" status="PASS"/>
   </kw>
   <kw library="Support" name="Reset screenshot count variable">
    <kw library="BuiltIn" name="Set Variable">
     <var>
      ${screenshotCount}
     </var>
     <arg>
      ${PABOTQUEUEINDEX}_1
     </arg>
     <doc>
      Returns the given values which can then be assigned to a variables.
     </doc>
     <msg level="INFO" timestamp="20250305 15:09:38.856">
      ${screenshotCount} = 0_1
     </msg>
     <status endtime="20250305 15:09:38.856" starttime="20250305 15:09:38.855" status="PASS"/>
    </kw>
    <kw library="BuiltIn" name="Set Global Variable">
     <arg>
      ${screenshotCount}
     </arg>
     <doc>
      Makes a variable available globally in all tests and suites.
     </doc>
     <msg level="INFO" timestamp="20250305 15:09:38.857">
      ${screenshotCount} = 0_1
     </msg>
     <status endtime="20250305 15:09:38.857" starttime="20250305 15:09:38.856" status="PASS"/>
    </kw>
    <kw library="Support" name="Set up screenshot directory">
     <kw library="OperatingSystem" name="Create Directory">
      <arg>
       ${OUTPUTDIR}${/}${wvar('screenshot_dir')}
      </arg>
      <doc>
       Creates the specified directory.
      </doc>
      <msg level="INFO" timestamp="20250305 15:09:38.858">
       Web.Dev.screenshot_dir: Screenshot
      </msg>
      <msg html="true" level="INFO" timestamp="20250305 15:09:38.860">
       Created directory '&lt;a href="file://C:\Replay\PVH\Output\pabot_results\0\Screenshot"&gt;C:\Replay\PVH\Output\pabot_results\0\Screenshot&lt;/a&gt;'.
      </msg>
      <status endtime="20250305 15:09:38.860" starttime="20250305 15:09:38.857" status="PASS"/>
     </kw>
     <status endtime="20250305 15:09:38.860" starttime="20250305 15:09:38.857" status="PASS"/>
    </kw>
    <status endtime="20250305 15:09:38.860" starttime="20250305 15:09:38.855" status="PASS"/>
   </kw>
   <kw library="BuiltIn" name="Set Global Variable">
    <arg>
     ${screenshot_taking}
    </arg>
    <arg>
     ${True}
    </arg>
    <doc>
     Makes a variable available globally in all tests and suites.
    </doc>
    <msg level="INFO" timestamp="20250305 15:09:38.861">
     ${screenshot_taking} = True
    </msg>
    <status endtime="20250305 15:09:38.861" starttime="20250305 15:09:38.860" status="PASS"/>
   </kw>
   <kw library="Support" name="Setup linux execution">
    <kw library="BuiltIn" name="Run Keyword And Return Status">
     <var>
      ${web_test_check}
     </var>
     <arg>
      Variable Should Exist
     </arg>
     <arg>
      ${web_test}
     </arg>
     <doc>
      Runs the given keyword with given arguments and returns the status as a Boolean value.
     </doc>
     <kw library="BuiltIn" name="Variable Should Exist">
      <arg>
       ${web_test}
      </arg>
      <doc>
       Fails unless the given variable exists within the current scope.
      </doc>
      <status endtime="20250305 15:09:38.863" starttime="20250305 15:09:38.862" status="PASS"/>
     </kw>
     <msg level="INFO" timestamp="20250305 15:09:38.863">
      ${web_test_check} = True
     </msg>
     <status endtime="20250305 15:09:38.863" starttime="20250305 15:09:38.862" status="PASS"/>
    </kw>
    <kw library="BuiltIn" name="Run Keyword If">
     <arg>
      ${web_test_check}
     </arg>
     <arg>
      Setup Docker Execution Options
     </arg>
     <doc>
      Runs the given keyword with the given arguments, if ``condition`` is true.
     </doc>
     <kw library="Support_Web" name="Setup Docker Execution Options">
      <kw library="Support_Web" name="Setup Suite Metadata">
       <arg>
        ${browser}
       </arg>
       <kw library="BrowserSupport" name="Get Browser Metadata">
        <var>
         &amp;{browser_information}
        </var>
        <arg>
         browser=${browser}
        </arg>
        <doc>
         Fetches browser metadata information
:param browser: Name of the browser for which information is fetched
:param reload: Re-read the metadata based on the browser
:return: Browser metadata information, dict of format
            {"browser_version": browser version value,
             "driver_version": driver version value}
        </doc>
        <msg level="FAIL" timestamp="20250305 15:09:48.409">
         SessionNotCreatedException: Message: session not created: This version of ChromeDriver only supports Chrome version 121
Current browser version is 133.0.6943.142 with binary path C:\Users\symphonylocal\AppData\Local\Google\Chrome\Application\chrome.exe
Stacktrace:
	GetHandleVerifier [0x00007FF60C7E5E42+3538674]
	(No symbol) [0x00007FF60C404C02]
	(No symbol) [0x00007FF60C2B5AEB]
	(No symbol) [0x00007FF60C2EC512]
	(No symbol) [0x00007FF60C2EB872]
	(No symbol) [0x00007FF60C2E5106]
	(No symbol) [0x00007FF60C2E21C8]
	(No symbol) [0x00007FF60C3294B9]
	(No symbol) [0x00007FF60C31EE53]
	(No symbol) [0x00007FF60C2EF514]
	(No symbol) [0x00007FF60C2F0631]
	GetHandleVerifier [0x00007FF60C816CAD+3738973]
	GetHandleVerifier [0x00007FF60C86C506+4089270]
	GetHandleVerifier [0x00007FF60C864823+4057299]
	GetHandleVerifier [0x00007FF60C535C49+720121]
	(No symbol) [0x00007FF60C41126F]
	(No symbol) [0x00007FF60C40C304]
	(No symbol) [0x00007FF60C40C432]
	(No symbol) [0x00007FF60C3FBD04]
	BaseThreadInitThunk [0x00007FF891497AC4+20]
	RtlUserThreadStart [0x00007FF8918CA8C1+33]
        </msg>
        <status endtime="20250305 15:09:48.416" starttime="20250305 15:09:38.864" status="FAIL"/>
       </kw>
       <kw library="BuiltIn" name="Set Suite Metadata">
        <arg>
         test_browser_name
        </arg>
        <arg>
         ${browser}
        </arg>
        <doc>
         Sets metadata for the current test suite.
        </doc>
        <status endtime="20250305 15:09:48.419" starttime="20250305 15:09:48.418" status="NOT RUN"/>
       </kw>
       <kw library="BuiltIn" name="Set Suite Metadata">
        <arg>
         test_browser_version
        </arg>
        <arg>
         ${browser_information.browser_version}
        </arg>
        <doc>
         Sets metadata for the current test suite.
        </doc>
        <status endtime="20250305 15:09:48.419" starttime="20250305 15:09:48.419" status="NOT RUN"/>
       </kw>
       <kw library="BuiltIn" name="Set Suite Metadata">
        <arg>
         test_driver_version
        </arg>
        <arg>
         ${browser_information.driver_version}
        </arg>
        <doc>
         Sets metadata for the current test suite.
        </doc>
        <status endtime="20250305 15:09:48.419" starttime="20250305 15:09:48.419" status="NOT RUN"/>
       </kw>
       <status endtime="20250305 15:09:48.420" starttime="20250305 15:09:38.864" status="FAIL"/>
      </kw>
      <kw library="Support_Web" name="Setup Global Docker Execution Options">
       <status endtime="20250305 15:09:48.420" starttime="20250305 15:09:48.420" status="NOT RUN"/>
      </kw>
      <kw library="Support_Web" name="Create Webdriver for chrome preferences">
       <status endtime="20250305 15:09:48.421" starttime="20250305 15:09:48.420" status="NOT RUN"/>
      </kw>
      <status endtime="20250305 15:09:48.421" starttime="20250305 15:09:38.864" status="FAIL"/>
     </kw>
     <status endtime="20250305 15:09:48.421" starttime="20250305 15:09:38.863" status="FAIL"/>
    </kw>
    <status endtime="20250305 15:09:48.421" starttime="20250305 15:09:38.861" status="FAIL"/>
   </kw>
   <kw library="BuiltIn" name="Set Suite Metadata">
    <arg>
     environment
    </arg>
    <arg>
     ${test_server}
    </arg>
    <doc>
     Sets metadata for the current test suite.
    </doc>
    <status endtime="20250305 15:09:48.421" starttime="20250305 15:09:48.421" status="NOT RUN"/>
   </kw>
   <kw library="BuiltIn" name="Set Variable">
    <var>
     ${d.test_server}
    </var>
    <arg>
     ${test_server}
    </arg>
    <doc>
     Returns the given values which can then be assigned to a variables.
    </doc>
    <msg level="INFO" timestamp="20250305 15:09:38.865">
     ${d.test_server} = Dev
    </msg>
    <status endtime="20250305 15:09:38.865" starttime="20250305 15:09:38.865" status="PASS"/>
   </kw>
   <kw library="Support" name="Reset screenshot count variable">
    <kw library="BuiltIn" name="Set Variable">
     <var>
      ${screenshotCount}
     </var>
     <arg>
      ${PABOTQUEUEINDEX}_1
     </arg>
     <doc>
      Returns the given values which can then be assigned to a variables.
     </doc>
     <msg level="INFO" timestamp="20250305 15:09:38.866">
      ${screenshotCount} = 1_1
     </msg>
     <status endtime="20250305 15:09:38.866" starttime="20250305 15:09:38.866" status="PASS"/>
    </kw>
    <kw library="BuiltIn" name="Set Global Variable">
     <arg>
      ${screenshotCount}
     </arg>
     <doc>
      Makes a variable available globally in all tests and suites.
     </doc>
     <msg level="INFO" timestamp="20250305 15:09:38.867">
      ${screenshotCount} = 1_1
     </msg>
     <status endtime="20250305 15:09:38.867" starttime="20250305 15:09:38.866" status="PASS"/>
    </kw>
    <kw library="Support" name="Set up screenshot directory">
     <kw library="OperatingSystem" name="Create Directory">
      <arg>
       ${OUTPUTDIR}${/}${wvar('screenshot_dir')}
      </arg>
      <doc>
       Creates the specified directory.
      </doc>
      <msg level="INFO" timestamp="20250305 15:09:38.868">
       Web.Dev.screenshot_dir: Screenshot
      </msg>
      <msg html="true" level="INFO" timestamp="20250305 15:09:38.869">
       Created directory '&lt;a href="file://C:\Replay\PVH\Output\pabot_results\1\Screenshot"&gt;C:\Replay\PVH\Output\pabot_results\1\Screenshot&lt;/a&gt;'.
      </msg>
      <status endtime="20250305 15:09:38.869" starttime="20250305 15:09:38.867" status="PASS"/>
     </kw>
     <status endtime="20250305 15:09:38.869" starttime="20250305 15:09:38.867" status="PASS"/>
    </kw>
    <status endtime="20250305 15:09:38.870" starttime="20250305 15:09:38.865" status="PASS"/>
   </kw>
   <kw library="BuiltIn" name="Set Global Variable">
    <arg>
     ${screenshot_taking}
    </arg>
    <arg>
     ${True}
    </arg>
    <doc>
     Makes a variable available globally in all tests and suites.
    </doc>
    <msg level="INFO" timestamp="20250305 15:09:38.870">
     ${screenshot_taking} = True
    </msg>
    <status endtime="20250305 15:09:38.870" starttime="20250305 15:09:38.870" status="PASS"/>
   </kw>
   <kw library="Support" name="Setup linux execution">
    <kw library="BuiltIn" name="Run Keyword And Return Status">
     <var>
      ${web_test_check}
     </var>
     <arg>
      Variable Should Exist
     </arg>
     <arg>
      ${web_test}
     </arg>
     <doc>
      Runs the given keyword with given arguments and returns the status as a Boolean value.
     </doc>
     <kw library="BuiltIn" name="Variable Should Exist">
      <arg>
       ${web_test}
      </arg>
      <doc>
       Fails unless the given variable exists within the current scope.
      </doc>
      <status endtime="20250305 15:09:38.872" starttime="20250305 15:09:38.871" status="PASS"/>
     </kw>
     <msg level="INFO" timestamp="20250305 15:09:38.872">
      ${web_test_check} = True
     </msg>
     <status endtime="20250305 15:09:38.872" starttime="20250305 15:09:38.871" status="PASS"/>
    </kw>
    <kw library="BuiltIn" name="Run Keyword If">
     <arg>
      ${web_test_check}
     </arg>
     <arg>
      Setup Docker Execution Options
     </arg>
     <doc>
      Runs the given keyword with the given arguments, if ``condition`` is true.
     </doc>
     <kw library="Support_Web" name="Setup Docker Execution Options">
      <kw library="Support_Web" name="Setup Suite Metadata">
       <arg>
        ${browser}
       </arg>
       <kw library="BrowserSupport" name="Get Browser Metadata">
        <var>
         &amp;{browser_information}
        </var>
        <arg>
         browser=${browser}
        </arg>
        <doc>
         Fetches browser metadata information
:param browser: Name of the browser for which information is fetched
:param reload: Re-read the metadata based on the browser
:return: Browser metadata information, dict of format
            {"browser_version": browser version value,
             "driver_version": driver version value}
        </doc>
        <msg level="FAIL" timestamp="20250305 15:09:48.296">
         SessionNotCreatedException: Message: session not created: This version of ChromeDriver only supports Chrome version 121
Current browser version is 133.0.6943.142 with binary path C:\Users\symphonylocal\AppData\Local\Google\Chrome\Application\chrome.exe
Stacktrace:
	GetHandleVerifier [0x00007FF60C7E5E42+3538674]
	(No symbol) [0x00007FF60C404C02]
	(No symbol) [0x00007FF60C2B5AEB]
	(No symbol) [0x00007FF60C2EC512]
	(No symbol) [0x00007FF60C2EB872]
	(No symbol) [0x00007FF60C2E5106]
	(No symbol) [0x00007FF60C2E21C8]
	(No symbol) [0x00007FF60C3294B9]
	(No symbol) [0x00007FF60C31EE53]
	(No symbol) [0x00007FF60C2EF514]
	(No symbol) [0x00007FF60C2F0631]
	GetHandleVerifier [0x00007FF60C816CAD+3738973]
	GetHandleVerifier [0x00007FF60C86C506+4089270]
	GetHandleVerifier [0x00007FF60C864823+4057299]
	GetHandleVerifier [0x00007FF60C535C49+720121]
	(No symbol) [0x00007FF60C41126F]
	(No symbol) [0x00007FF60C40C304]
	(No symbol) [0x00007FF60C40C432]
	(No symbol) [0x00007FF60C3FBD04]
	BaseThreadInitThunk [0x00007FF891497AC4+20]
	RtlUserThreadStart [0x00007FF8918CA8C1+33]
        </msg>
        <status endtime="20250305 15:09:48.303" starttime="20250305 15:09:38.873" status="FAIL"/>
       </kw>
       <kw library="BuiltIn" name="Set Suite Metadata">
        <arg>
         test_browser_name
        </arg>
        <arg>
         ${browser}
        </arg>
        <doc>
         Sets metadata for the current test suite.
        </doc>
        <status endtime="20250305 15:09:48.305" starttime="20250305 15:09:48.304" status="NOT RUN"/>
       </kw>
       <kw library="BuiltIn" name="Set Suite Metadata">
        <arg>
         test_browser_version
        </arg>
        <arg>
         ${browser_information.browser_version}
        </arg>
        <doc>
         Sets metadata for the current test suite.
        </doc>
        <status endtime="20250305 15:09:48.305" starttime="20250305 15:09:48.305" status="NOT RUN"/>
       </kw>
       <kw library="BuiltIn" name="Set Suite Metadata">
        <arg>
         test_driver_version
        </arg>
        <arg>
         ${browser_information.driver_version}
        </arg>
        <doc>
         Sets metadata for the current test suite.
        </doc>
        <status endtime="20250305 15:09:48.305" starttime="20250305 15:09:48.305" status="NOT RUN"/>
       </kw>
       <status endtime="20250305 15:09:48.306" starttime="20250305 15:09:38.872" status="FAIL"/>
      </kw>
      <kw library="Support_Web" name="Setup Global Docker Execution Options">
       <status endtime="20250305 15:09:48.306" starttime="20250305 15:09:48.306" status="NOT RUN"/>
      </kw>
      <kw library="Support_Web" name="Create Webdriver for chrome preferences">
       <status endtime="20250305 15:09:48.306" starttime="20250305 15:09:48.306" status="NOT RUN"/>
      </kw>
      <status endtime="20250305 15:09:48.306" starttime="20250305 15:09:38.872" status="FAIL"/>
     </kw>
     <status endtime="20250305 15:09:48.306" starttime="20250305 15:09:38.872" status="FAIL"/>
    </kw>
    <status endtime="20250305 15:09:48.306" starttime="20250305 15:09:38.870" status="FAIL"/>
   </kw>
   <kw library="BuiltIn" name="Set Suite Metadata">
    <arg>
     environment
    </arg>
    <arg>
     ${test_server}
    </arg>
    <doc>
     Sets metadata for the current test suite.
    </doc>
    <status endtime="20250305 15:09:48.307" starttime="20250305 15:09:48.307" status="NOT RUN"/>
   </kw>
   <kw library="BuiltIn" name="Set Variable">
    <var>
     ${d.test_server}
    </var>
    <arg>
     ${test_server}
    </arg>
    <doc>
     Returns the given values which can then be assigned to a variables.
    </doc>
    <msg level="INFO" timestamp="20250305 15:09:38.907">
     ${d.test_server} = Dev
    </msg>
    <status endtime="20250305 15:09:38.907" starttime="20250305 15:09:38.906" status="PASS"/>
   </kw>
   <kw library="Support" name="Reset screenshot count variable">
    <kw library="BuiltIn" name="Set Variable">
     <var>
      ${screenshotCount}
     </var>
     <arg>
      ${PABOTQUEUEINDEX}_1
     </arg>
     <doc>
      Returns the given values which can then be assigned to a variables.
     </doc>
     <msg level="INFO" timestamp="20250305 15:09:38.908">
      ${screenshotCount} = 2_1
     </msg>
     <status endtime="20250305 15:09:38.908" starttime="20250305 15:09:38.908" status="PASS"/>
    </kw>
    <kw library="BuiltIn" name="Set Global Variable">
     <arg>
      ${screenshotCount}
     </arg>
     <doc>
      Makes a variable available globally in all tests and suites.
     </doc>
     <msg level="INFO" timestamp="20250305 15:09:38.909">
      ${screenshotCount} = 2_1
     </msg>
     <status endtime="20250305 15:09:38.909" starttime="20250305 15:09:38.909" status="PASS"/>
    </kw>
    <kw library="Support" name="Set up screenshot directory">
     <kw library="OperatingSystem" name="Create Directory">
      <arg>
       ${OUTPUTDIR}${/}${wvar('screenshot_dir')}
      </arg>
      <doc>
       Creates the specified directory.
      </doc>
      <msg level="INFO" timestamp="20250305 15:09:38.911">
       Web.Dev.screenshot_dir: Screenshot
      </msg>
      <msg html="true" level="INFO" timestamp="20250305 15:09:38.913">
       Created directory '&lt;a href="file://C:\Replay\PVH\Output\pabot_results\2\Screenshot"&gt;C:\Replay\PVH\Output\pabot_results\2\Screenshot&lt;/a&gt;'.
      </msg>
      <status endtime="20250305 15:09:38.913" starttime="20250305 15:09:38.910" status="PASS"/>
     </kw>
     <status endtime="20250305 15:09:38.913" starttime="20250305 15:09:38.909" status="PASS"/>
    </kw>
    <status endtime="20250305 15:09:38.913" starttime="20250305 15:09:38.907" status="PASS"/>
   </kw>
   <kw library="BuiltIn" name="Set Global Variable">
    <arg>
     ${screenshot_taking}
    </arg>
    <arg>
     ${True}
    </arg>
    <doc>
     Makes a variable available globally in all tests and suites.
    </doc>
    <msg level="INFO" timestamp="20250305 15:09:38.914">
     ${screenshot_taking} = True
    </msg>
    <status endtime="20250305 15:09:38.914" starttime="20250305 15:09:38.913" status="PASS"/>
   </kw>
   <kw library="Support" name="Setup linux execution">
    <kw library="BuiltIn" name="Run Keyword And Return Status">
     <var>
      ${web_test_check}
     </var>
     <arg>
      Variable Should Exist
     </arg>
     <arg>
      ${web_test}
     </arg>
     <doc>
      Runs the given keyword with given arguments and returns the status as a Boolean value.
     </doc>
     <kw library="BuiltIn" name="Variable Should Exist">
      <arg>
       ${web_test}
      </arg>
      <doc>
       Fails unless the given variable exists within the current scope.
      </doc>
      <status endtime="20250305 15:09:38.915" starttime="20250305 15:09:38.915" status="PASS"/>
     </kw>
     <msg level="INFO" timestamp="20250305 15:09:38.915">
      ${web_test_check} = True
     </msg>
     <status endtime="20250305 15:09:38.915" starttime="20250305 15:09:38.914" status="PASS"/>
    </kw>
    <kw library="BuiltIn" name="Run Keyword If">
     <arg>
      ${web_test_check}
     </arg>
     <arg>
      Setup Docker Execution Options
     </arg>
     <doc>
      Runs the given keyword with the given arguments, if ``condition`` is true.
     </doc>
     <kw library="Support_Web" name="Setup Docker Execution Options">
      <kw library="Support_Web" name="Setup Suite Metadata">
       <arg>
        ${browser}
       </arg>
       <kw library="BrowserSupport" name="Get Browser Metadata">
        <var>
         &amp;{browser_information}
        </var>
        <arg>
         browser=${browser}
        </arg>
        <doc>
         Fetches browser metadata information
:param browser: Name of the browser for which information is fetched
:param reload: Re-read the metadata based on the browser
:return: Browser metadata information, dict of format
            {"browser_version": browser version value,
             "driver_version": driver version value}
        </doc>
        <msg level="FAIL" timestamp="20250305 15:09:48.457">
         SessionNotCreatedException: Message: session not created: This version of ChromeDriver only supports Chrome version 121
Current browser version is 133.0.6943.142 with binary path C:\Users\symphonylocal\AppData\Local\Google\Chrome\Application\chrome.exe
Stacktrace:
	GetHandleVerifier [0x00007FF60C7E5E42+3538674]
	(No symbol) [0x00007FF60C404C02]
	(No symbol) [0x00007FF60C2B5AEB]
	(No symbol) [0x00007FF60C2EC512]
	(No symbol) [0x00007FF60C2EB872]
	(No symbol) [0x00007FF60C2E5106]
	(No symbol) [0x00007FF60C2E21C8]
	(No symbol) [0x00007FF60C3294B9]
	(No symbol) [0x00007FF60C31EE53]
	(No symbol) [0x00007FF60C2EF514]
	(No symbol) [0x00007FF60C2F0631]
	GetHandleVerifier [0x00007FF60C816CAD+3738973]
	GetHandleVerifier [0x00007FF60C86C506+4089270]
	GetHandleVerifier [0x00007FF60C864823+4057299]
	GetHandleVerifier [0x00007FF60C535C49+720121]
	(No symbol) [0x00007FF60C41126F]
	(No symbol) [0x00007FF60C40C304]
	(No symbol) [0x00007FF60C40C432]
	(No symbol) [0x00007FF60C3FBD04]
	BaseThreadInitThunk [0x00007FF891497AC4+20]
	RtlUserThreadStart [0x00007FF8918CA8C1+33]
        </msg>
        <status endtime="20250305 15:09:48.464" starttime="20250305 15:09:38.916" status="FAIL"/>
       </kw>
       <kw library="BuiltIn" name="Set Suite Metadata">
        <arg>
         test_browser_name
        </arg>
        <arg>
         ${browser}
        </arg>
        <doc>
         Sets metadata for the current test suite.
        </doc>
        <status endtime="20250305 15:09:48.467" starttime="20250305 15:09:48.466" status="NOT RUN"/>
       </kw>
       <kw library="BuiltIn" name="Set Suite Metadata">
        <arg>
         test_browser_version
        </arg>
        <arg>
         ${browser_information.browser_version}
        </arg>
        <doc>
         Sets metadata for the current test suite.
        </doc>
        <status endtime="20250305 15:09:48.467" starttime="20250305 15:09:48.467" status="NOT RUN"/>
       </kw>
       <kw library="BuiltIn" name="Set Suite Metadata">
        <arg>
         test_driver_version
        </arg>
        <arg>
         ${browser_information.driver_version}
        </arg>
        <doc>
         Sets metadata for the current test suite.
        </doc>
        <status endtime="20250305 15:09:48.468" starttime="20250305 15:09:48.467" status="NOT RUN"/>
       </kw>
       <status endtime="20250305 15:09:48.468" starttime="20250305 15:09:38.916" status="FAIL"/>
      </kw>
      <kw library="Support_Web" name="Setup Global Docker Execution Options">
       <status endtime="20250305 15:09:48.468" starttime="20250305 15:09:48.468" status="NOT RUN"/>
      </kw>
      <kw library="Support_Web" name="Create Webdriver for chrome preferences">
       <status endtime="20250305 15:09:48.469" starttime="20250305 15:09:48.469" status="NOT RUN"/>
      </kw>
      <status endtime="20250305 15:09:48.469" starttime="20250305 15:09:38.916" status="FAIL"/>
     </kw>
     <status endtime="20250305 15:09:48.469" starttime="20250305 15:09:38.916" status="FAIL"/>
    </kw>
    <status endtime="20250305 15:09:48.469" starttime="20250305 15:09:38.914" status="FAIL"/>
   </kw>
   <kw library="BuiltIn" name="Set Suite Metadata">
    <arg>
     environment
    </arg>
    <arg>
     ${test_server}
    </arg>
    <doc>
     Sets metadata for the current test suite.
    </doc>
    <status endtime="20250305 15:09:48.470" starttime="20250305 15:09:48.470" status="NOT RUN"/>
   </kw>
   <kw library="BuiltIn" name="Set Variable">
    <var>
     ${d.test_server}
    </var>
    <arg>
     ${test_server}
    </arg>
    <doc>
     Returns the given values which can then be assigned to a variables.
    </doc>
    <msg level="INFO" timestamp="20250305 15:09:38.837">
     ${d.test_server} = Dev
    </msg>
    <status endtime="20250305 15:09:38.837" starttime="20250305 15:09:38.836" status="PASS"/>
   </kw>
   <kw library="Support" name="Reset screenshot count variable">
    <kw library="BuiltIn" name="Set Variable">
     <var>
      ${screenshotCount}
     </var>
     <arg>
      ${PABOTQUEUEINDEX}_1
     </arg>
     <doc>
      Returns the given values which can then be assigned to a variables.
     </doc>
     <msg level="INFO" timestamp="20250305 15:09:38.838">
      ${screenshotCount} = 3_1
     </msg>
     <status endtime="20250305 15:09:38.838" starttime="20250305 15:09:38.838" status="PASS"/>
    </kw>
    <kw library="BuiltIn" name="Set Global Variable">
     <arg>
      ${screenshotCount}
     </arg>
     <doc>
      Makes a variable available globally in all tests and suites.
     </doc>
     <msg level="INFO" timestamp="20250305 15:09:38.839">
      ${screenshotCount} = 3_1
     </msg>
     <status endtime="20250305 15:09:38.839" starttime="20250305 15:09:38.838" status="PASS"/>
    </kw>
    <kw library="Support" name="Set up screenshot directory">
     <kw library="OperatingSystem" name="Create Directory">
      <arg>
       ${OUTPUTDIR}${/}${wvar('screenshot_dir')}
      </arg>
      <doc>
       Creates the specified directory.
      </doc>
      <msg level="INFO" timestamp="20250305 15:09:38.840">
       Web.Dev.screenshot_dir: Screenshot
      </msg>
      <msg html="true" level="INFO" timestamp="20250305 15:09:38.841">
       Created directory '&lt;a href="file://C:\Replay\PVH\Output\pabot_results\3\Screenshot"&gt;C:\Replay\PVH\Output\pabot_results\3\Screenshot&lt;/a&gt;'.
      </msg>
      <status endtime="20250305 15:09:38.841" starttime="20250305 15:09:38.839" status="PASS"/>
     </kw>
     <status endtime="20250305 15:09:38.841" starttime="20250305 15:09:38.839" status="PASS"/>
    </kw>
    <status endtime="20250305 15:09:38.841" starttime="20250305 15:09:38.837" status="PASS"/>
   </kw>
   <kw library="BuiltIn" name="Set Global Variable">
    <arg>
     ${screenshot_taking}
    </arg>
    <arg>
     ${True}
    </arg>
    <doc>
     Makes a variable available globally in all tests and suites.
    </doc>
    <msg level="INFO" timestamp="20250305 15:09:38.842">
     ${screenshot_taking} = True
    </msg>
    <status endtime="20250305 15:09:38.842" starttime="20250305 15:09:38.841" status="PASS"/>
   </kw>
   <kw library="Support" name="Setup linux execution">
    <kw library="BuiltIn" name="Run Keyword And Return Status">
     <var>
      ${web_test_check}
     </var>
     <arg>
      Variable Should Exist
     </arg>
     <arg>
      ${web_test}
     </arg>
     <doc>
      Runs the given keyword with given arguments and returns the status as a Boolean value.
     </doc>
     <kw library="BuiltIn" name="Variable Should Exist">
      <arg>
       ${web_test}
      </arg>
      <doc>
       Fails unless the given variable exists within the current scope.
      </doc>
      <status endtime="20250305 15:09:38.843" starttime="20250305 15:09:38.843" status="PASS"/>
     </kw>
     <msg level="INFO" timestamp="20250305 15:09:38.843">
      ${web_test_check} = True
     </msg>
     <status endtime="20250305 15:09:38.843" starttime="20250305 15:09:38.842" status="PASS"/>
    </kw>
    <kw library="BuiltIn" name="Run Keyword If">
     <arg>
      ${web_test_check}
     </arg>
     <arg>
      Setup Docker Execution Options
     </arg>
     <doc>
      Runs the given keyword with the given arguments, if ``condition`` is true.
     </doc>
     <kw library="Support_Web" name="Setup Docker Execution Options">
      <kw library="Support_Web" name="Setup Suite Metadata">
       <arg>
        ${browser}
       </arg>
       <kw library="BrowserSupport" name="Get Browser Metadata">
        <var>
         &amp;{browser_information}
        </var>
        <arg>
         browser=${browser}
        </arg>
        <doc>
         Fetches browser metadata information
:param browser: Name of the browser for which information is fetched
:param reload: Re-read the metadata based on the browser
:return: Browser metadata information, dict of format
            {"browser_version": browser version value,
             "driver_version": driver version value}
        </doc>
        <msg level="FAIL" timestamp="20250305 15:09:47.896">
         SessionNotCreatedException: Message: session not created: This version of ChromeDriver only supports Chrome version 121
Current browser version is 133.0.6943.142 with binary path C:\Users\symphonylocal\AppData\Local\Google\Chrome\Application\chrome.exe
Stacktrace:
	GetHandleVerifier [0x00007FF60C7E5E42+3538674]
	(No symbol) [0x00007FF60C404C02]
	(No symbol) [0x00007FF60C2B5AEB]
	(No symbol) [0x00007FF60C2EC512]
	(No symbol) [0x00007FF60C2EB872]
	(No symbol) [0x00007FF60C2E5106]
	(No symbol) [0x00007FF60C2E21C8]
	(No symbol) [0x00007FF60C3294B9]
	(No symbol) [0x00007FF60C31EE53]
	(No symbol) [0x00007FF60C2EF514]
	(No symbol) [0x00007FF60C2F0631]
	GetHandleVerifier [0x00007FF60C816CAD+3738973]
	GetHandleVerifier [0x00007FF60C86C506+4089270]
	GetHandleVerifier [0x00007FF60C864823+4057299]
	GetHandleVerifier [0x00007FF60C535C49+720121]
	(No symbol) [0x00007FF60C41126F]
	(No symbol) [0x00007FF60C40C304]
	(No symbol) [0x00007FF60C40C432]
	(No symbol) [0x00007FF60C3FBD04]
	BaseThreadInitThunk [0x00007FF891497AC4+20]
	RtlUserThreadStart [0x00007FF8918CA8C1+33]
        </msg>
        <status endtime="20250305 15:09:47.904" starttime="20250305 15:09:38.844" status="FAIL"/>
       </kw>
       <kw library="BuiltIn" name="Set Suite Metadata">
        <arg>
         test_browser_name
        </arg>
        <arg>
         ${browser}
        </arg>
        <doc>
         Sets metadata for the current test suite.
        </doc>
        <status endtime="20250305 15:09:47.906" starttime="20250305 15:09:47.906" status="NOT RUN"/>
       </kw>
       <kw library="BuiltIn" name="Set Suite Metadata">
        <arg>
         test_browser_version
        </arg>
        <arg>
         ${browser_information.browser_version}
        </arg>
        <doc>
         Sets metadata for the current test suite.
        </doc>
        <status endtime="20250305 15:09:47.907" starttime="20250305 15:09:47.906" status="NOT RUN"/>
       </kw>
       <kw library="BuiltIn" name="Set Suite Metadata">
        <arg>
         test_driver_version
        </arg>
        <arg>
         ${browser_information.driver_version}
        </arg>
        <doc>
         Sets metadata for the current test suite.
        </doc>
        <status endtime="20250305 15:09:47.907" starttime="20250305 15:09:47.907" status="NOT RUN"/>
       </kw>
       <status endtime="20250305 15:09:47.907" starttime="20250305 15:09:38.844" status="FAIL"/>
      </kw>
      <kw library="Support_Web" name="Setup Global Docker Execution Options">
       <status endtime="20250305 15:09:47.908" starttime="20250305 15:09:47.908" status="NOT RUN"/>
      </kw>
      <kw library="Support_Web" name="Create Webdriver for chrome preferences">
       <status endtime="20250305 15:09:47.908" starttime="20250305 15:09:47.908" status="NOT RUN"/>
      </kw>
      <status endtime="20250305 15:09:47.908" starttime="20250305 15:09:38.844" status="FAIL"/>
     </kw>
     <status endtime="20250305 15:09:47.909" starttime="20250305 15:09:38.843" status="FAIL"/>
    </kw>
    <status endtime="20250305 15:09:47.909" starttime="20250305 15:09:38.842" status="FAIL"/>
   </kw>
   <kw library="BuiltIn" name="Set Suite Metadata">
    <arg>
     environment
    </arg>
    <arg>
     ${test_server}
    </arg>
    <doc>
     Sets metadata for the current test suite.
    </doc>
    <status endtime="20250305 15:09:47.909" starttime="20250305 15:09:47.909" status="NOT RUN"/>
   </kw>
   <kw library="BuiltIn" name="Set Variable">
    <var>
     ${d.test_server}
    </var>
    <arg>
     ${test_server}
    </arg>
    <doc>
     Returns the given values which can then be assigned to a variables.
    </doc>
    <msg level="INFO" timestamp="20250305 15:09:52.865">
     ${d.test_server} = Dev
    </msg>
    <status endtime="20250305 15:09:52.865" starttime="20250305 15:09:52.865" status="PASS"/>
   </kw>
   <kw library="Support" name="Reset screenshot count variable">
    <kw library="BuiltIn" name="Set Variable">
     <var>
      ${screenshotCount}
     </var>
     <arg>
      ${PABOTQUEUEINDEX}_1
     </arg>
     <doc>
      Returns the given values which can then be assigned to a variables.
     </doc>
     <msg level="INFO" timestamp="20250305 15:09:52.866">
      ${screenshotCount} = 4_1
     </msg>
     <status endtime="20250305 15:09:52.866" starttime="20250305 15:09:52.866" status="PASS"/>
    </kw>
    <kw library="BuiltIn" name="Set Global Variable">
     <arg>
      ${screenshotCount}
     </arg>
     <doc>
      Makes a variable available globally in all tests and suites.
     </doc>
     <msg level="INFO" timestamp="20250305 15:09:52.867">
      ${screenshotCount} = 4_1
     </msg>
     <status endtime="20250305 15:09:52.867" starttime="20250305 15:09:52.866" status="PASS"/>
    </kw>
    <kw library="Support" name="Set up screenshot directory">
     <kw library="OperatingSystem" name="Create Directory">
      <arg>
       ${OUTPUTDIR}${/}${wvar('screenshot_dir')}
      </arg>
      <doc>
       Creates the specified directory.
      </doc>
      <msg level="INFO" timestamp="20250305 15:09:52.868">
       Web.Dev.screenshot_dir: Screenshot
      </msg>
      <msg html="true" level="INFO" timestamp="20250305 15:09:52.869">
       Created directory '&lt;a href="file://C:\Replay\PVH\Output\pabot_results\4\Screenshot"&gt;C:\Replay\PVH\Output\pabot_results\4\Screenshot&lt;/a&gt;'.
      </msg>
      <status endtime="20250305 15:09:52.869" starttime="20250305 15:09:52.867" status="PASS"/>
     </kw>
     <status endtime="20250305 15:09:52.869" starttime="20250305 15:09:52.867" status="PASS"/>
    </kw>
    <status endtime="20250305 15:09:52.870" starttime="20250305 15:09:52.865" status="PASS"/>
   </kw>
   <kw library="BuiltIn" name="Set Global Variable">
    <arg>
     ${screenshot_taking}
    </arg>
    <arg>
     ${True}
    </arg>
    <doc>
     Makes a variable available globally in all tests and suites.
    </doc>
    <msg level="INFO" timestamp="20250305 15:09:52.870">
     ${screenshot_taking} = True
    </msg>
    <status endtime="20250305 15:09:52.870" starttime="20250305 15:09:52.870" status="PASS"/>
   </kw>
   <kw library="Support" name="Setup linux execution">
    <kw library="BuiltIn" name="Run Keyword And Return Status">
     <var>
      ${web_test_check}
     </var>
     <arg>
      Variable Should Exist
     </arg>
     <arg>
      ${web_test}
     </arg>
     <doc>
      Runs the given keyword with given arguments and returns the status as a Boolean value.
     </doc>
     <kw library="BuiltIn" name="Variable Should Exist">
      <arg>
       ${web_test}
      </arg>
      <doc>
       Fails unless the given variable exists within the current scope.
      </doc>
      <status endtime="20250305 15:09:52.872" starttime="20250305 15:09:52.871" status="PASS"/>
     </kw>
     <msg level="INFO" timestamp="20250305 15:09:52.872">
      ${web_test_check} = True
     </msg>
     <status endtime="20250305 15:09:52.872" starttime="20250305 15:09:52.871" status="PASS"/>
    </kw>
    <kw library="BuiltIn" name="Run Keyword If">
     <arg>
      ${web_test_check}
     </arg>
     <arg>
      Setup Docker Execution Options
     </arg>
     <doc>
      Runs the given keyword with the given arguments, if ``condition`` is true.
     </doc>
     <kw library="Support_Web" name="Setup Docker Execution Options">
      <kw library="Support_Web" name="Setup Suite Metadata">
       <arg>
        ${browser}
       </arg>
       <kw library="BrowserSupport" name="Get Browser Metadata">
        <var>
         &amp;{browser_information}
        </var>
        <arg>
         browser=${browser}
        </arg>
        <doc>
         Fetches browser metadata information
:param browser: Name of the browser for which information is fetched
:param reload: Re-read the metadata based on the browser
:return: Browser metadata information, dict of format
            {"browser_version": browser version value,
             "driver_version": driver version value}
        </doc>
        <msg level="FAIL" timestamp="20250305 15:09:57.170">
         SessionNotCreatedException: Message: session not created: This version of ChromeDriver only supports Chrome version 121
Current browser version is 133.0.6943.142 with binary path C:\Users\symphonylocal\AppData\Local\Google\Chrome\Application\chrome.exe
Stacktrace:
	GetHandleVerifier [0x00007FF60C7E5E42+3538674]
	(No symbol) [0x00007FF60C404C02]
	(No symbol) [0x00007FF60C2B5AEB]
	(No symbol) [0x00007FF60C2EC512]
	(No symbol) [0x00007FF60C2EB872]
	(No symbol) [0x00007FF60C2E5106]
	(No symbol) [0x00007FF60C2E21C8]
	(No symbol) [0x00007FF60C3294B9]
	(No symbol) [0x00007FF60C31EE53]
	(No symbol) [0x00007FF60C2EF514]
	(No symbol) [0x00007FF60C2F0631]
	GetHandleVerifier [0x00007FF60C816CAD+3738973]
	GetHandleVerifier [0x00007FF60C86C506+4089270]
	GetHandleVerifier [0x00007FF60C864823+4057299]
	GetHandleVerifier [0x00007FF60C535C49+720121]
	(No symbol) [0x00007FF60C41126F]
	(No symbol) [0x00007FF60C40C304]
	(No symbol) [0x00007FF60C40C432]
	(No symbol) [0x00007FF60C3FBD04]
	BaseThreadInitThunk [0x00007FF891497AC4+20]
	RtlUserThreadStart [0x00007FF8918CA8C1+33]
        </msg>
        <status endtime="20250305 15:09:57.175" starttime="20250305 15:09:52.873" status="FAIL"/>
       </kw>
       <kw library="BuiltIn" name="Set Suite Metadata">
        <arg>
         test_browser_name
        </arg>
        <arg>
         ${browser}
        </arg>
        <doc>
         Sets metadata for the current test suite.
        </doc>
        <status endtime="20250305 15:09:57.177" starttime="20250305 15:09:57.177" status="NOT RUN"/>
       </kw>
       <kw library="BuiltIn" name="Set Suite Metadata">
        <arg>
         test_browser_version
        </arg>
        <arg>
         ${browser_information.browser_version}
        </arg>
        <doc>
         Sets metadata for the current test suite.
        </doc>
        <status endtime="20250305 15:09:57.178" starttime="20250305 15:09:57.177" status="NOT RUN"/>
       </kw>
       <kw library="BuiltIn" name="Set Suite Metadata">
        <arg>
         test_driver_version
        </arg>
        <arg>
         ${browser_information.driver_version}
        </arg>
        <doc>
         Sets metadata for the current test suite.
        </doc>
        <status endtime="20250305 15:09:57.178" starttime="20250305 15:09:57.178" status="NOT RUN"/>
       </kw>
       <status endtime="20250305 15:09:57.178" starttime="20250305 15:09:52.872" status="FAIL"/>
      </kw>
      <kw library="Support_Web" name="Setup Global Docker Execution Options">
       <status endtime="20250305 15:09:57.179" starttime="20250305 15:09:57.178" status="NOT RUN"/>
      </kw>
      <kw library="Support_Web" name="Create Webdriver for chrome preferences">
       <status endtime="20250305 15:09:57.179" starttime="20250305 15:09:57.179" status="NOT RUN"/>
      </kw>
      <status endtime="20250305 15:09:57.179" starttime="20250305 15:09:52.872" status="FAIL"/>
     </kw>
     <status endtime="20250305 15:09:57.179" starttime="20250305 15:09:52.872" status="FAIL"/>
    </kw>
    <status endtime="20250305 15:09:57.179" starttime="20250305 15:09:52.870" status="FAIL"/>
   </kw>
   <kw library="BuiltIn" name="Set Suite Metadata">
    <arg>
     environment
    </arg>
    <arg>
     ${test_server}
    </arg>
    <doc>
     Sets metadata for the current test suite.
    </doc>
    <status endtime="20250305 15:09:57.180" starttime="20250305 15:09:57.179" status="NOT RUN"/>
   </kw>
   <status endtime="20250305 15:09:48.422" starttime="20250305 15:09:38.853" status="FAIL"/>
  </kw>
  <suite id="s1-s1" name="Sample" source="C:\Replay\PVH\Tests\Sample">
   <suite id="s1-s1-s1" name="AAAA-123 Hello World User Story" source="C:\Replay\PVH\Tests\Sample\AAAA-123 Hello World User Story.robot">
    <test id="s1-s1-s1-t1" line="11" name="Hello World is tested correctly">
     <doc>
      Test to check that the setup is working currently through string
     </doc>
     <tag>
      AAAA-123
     </tag>
     <tag>
      debug_listener_messages
     </tag>
     <tag>
      helloworld
     </tag>
     <tag>
      regression
     </tag>
     <tag>
      Sample
     </tag>
     <tag>
      SampleTest
     </tag>
     <status endtime="20250305 15:09:48.424" starttime="20250305 15:09:48.424" status="FAIL">
      Parent suite setup failed:
SessionNotCreatedException: Message: session not created: This version of ChromeDriver only supports Chrome version 121
Current browser version is 133.0.6943.142 with binary path C:\Users\symphonylocal\AppData\Local\Google\Chrome\Application\chrome.exe
Stacktrace:
	GetHandleVerifier [0x00007FF60C7E5E42+3538674]
	(No symbol) [0x00007FF60C404C02]
	(No symbol) [0x00007FF60C2B5AEB]
	(No symbol) [0x00007FF60C2EC512]
	(No symbol) [0x00007FF60C2EB872]
	(No symbol) [0x00007FF60C2E5106]
	(No symbol) [0x00007FF60C2E21C8]
	(No symbol) [0x00007FF60C3294B9]
	(No symbol) [0x00007FF60C31EE53]
	(No symbol) [0x00007FF60C2EF514]
	(No symbol) [0x00007FF60C2F0631]
	GetHandleVerifier [0x00007FF60C816CAD+3738973]
	GetHandleVerifier [0x00007FF60C86C506+4089270]
	GetHandleVerifier [0x00007FF60C864823+4057299]
	GetHandleVerifier [0x00007FF60C535C49+720121]
	(No symbol) [0x00007FF60C41126F]
	(No symbol) [0x00007FF60C40C304]
	(No symbol) [0x00007FF60C40C432]
	(No symbol) [0x00007FF60C3FBD04]
	BaseThreadInitThunk [0x00007FF891497AC4+20]
	RtlUserThreadStart [0x00007FF8918CA8C1+33]
     </status>
    </test>
    <doc>
     Checks for setup to work correctly. Jira-ID: AAAA-123
    </doc>
    <status endtime="20250305 15:09:48.426" starttime="20250305 15:09:48.423" status="FAIL">
     Parent suite setup failed:
SessionNotCreatedException: Message: session not created: This version of ChromeDriver only supports Chrome version 121
Current browser version is 133.0.6943.142 with binary path C:\Users\symphonylocal\AppData\Local\Google\Chrome\Application\chrome.exe
Stacktrace:
	GetHandleVerifier [0x00007FF60C7E5E42+3538674]
	(No symbol) [0x00007FF60C404C02]
	(No symbol) [0x00007FF60C2B5AEB]
	(No symbol) [0x00007FF60C2EC512]
	(No symbol) [0x00007FF60C2EB872]
	(No symbol) [0x00007FF60C2E5106]
	(No symbol) [0x00007FF60C2E21C8]
	(No symbol) [0x00007FF60C3294B9]
	(No symbol) [0x00007FF60C31EE53]
	(No symbol) [0x00007FF60C2EF514]
	(No symbol) [0x00007FF60C2F0631]
	GetHandleVerifier [0x00007FF60C816CAD+3738973]
	GetHandleVerifier [0x00007FF60C86C506+4089270]
	GetHandleVerifier [0x00007FF60C864823+4057299]
	GetHandleVerifier [0x00007FF60C535C49+720121]
	(No symbol) [0x00007FF60C41126F]
	(No symbol) [0x00007FF60C40C304]
	(No symbol) [0x00007FF60C40C432]
	(No symbol) [0x00007FF60C3FBD04]
	BaseThreadInitThunk [0x00007FF891497AC4+20]
	RtlUserThreadStart [0x00007FF8918CA8C1+33]
    </status>
   </suite>
   <suite id="s1-s1-s2" name="AAAA-124 User Story to test selenium navigation" source="C:\Replay\PVH\Tests\Sample\AAAA-124 User Story to test selenium navigation.robot">
    <test id="s1-s1-s2-t1" line="14" name="Visualization is received correctly">
     <doc>
      Test to check Visualization is working correctly
     </doc>
     <tag>
      AAAA-124
     </tag>
     <tag>
      Regression
     </tag>
     <tag>
      Sample
     </tag>
     <tag>
      selenium
     </tag>
     <tag>
      uat
     </tag>
     <tag>
      Web
     </tag>
     <status endtime="20250305 15:09:48.310" starttime="20250305 15:09:48.309" status="FAIL">
      Parent suite setup failed:
SessionNotCreatedException: Message: session not created: This version of ChromeDriver only supports Chrome version 121
Current browser version is 133.0.6943.142 with binary path C:\Users\symphonylocal\AppData\Local\Google\Chrome\Application\chrome.exe
Stacktrace:
	GetHandleVerifier [0x00007FF60C7E5E42+3538674]
	(No symbol) [0x00007FF60C404C02]
	(No symbol) [0x00007FF60C2B5AEB]
	(No symbol) [0x00007FF60C2EC512]
	(No symbol) [0x00007FF60C2EB872]
	(No symbol) [0x00007FF60C2E5106]
	(No symbol) [0x00007FF60C2E21C8]
	(No symbol) [0x00007FF60C3294B9]
	(No symbol) [0x00007FF60C31EE53]
	(No symbol) [0x00007FF60C2EF514]
	(No symbol) [0x00007FF60C2F0631]
	GetHandleVerifier [0x00007FF60C816CAD+3738973]
	GetHandleVerifier [0x00007FF60C86C506+4089270]
	GetHandleVerifier [0x00007FF60C864823+4057299]
	GetHandleVerifier [0x00007FF60C535C49+720121]
	(No symbol) [0x00007FF60C41126F]
	(No symbol) [0x00007FF60C40C304]
	(No symbol) [0x00007FF60C40C432]
	(No symbol) [0x00007FF60C3FBD04]
	BaseThreadInitThunk [0x00007FF891497AC4+20]
	RtlUserThreadStart [0x00007FF8918CA8C1+33]
     </status>
    </test>
    <doc>
     This is a sample user story.
The documentation here should ideally match the user story doc.
It only works if you have Web libraries enabled and the chromedriver
is available in the environment PATH. Jira-ID: AAAA-124
    </doc>
    <status endtime="20250305 15:09:48.311" starttime="20250305 15:09:48.308" status="FAIL">
     Parent suite setup failed:
SessionNotCreatedException: Message: session not created: This version of ChromeDriver only supports Chrome version 121
Current browser version is 133.0.6943.142 with binary path C:\Users\symphonylocal\AppData\Local\Google\Chrome\Application\chrome.exe
Stacktrace:
	GetHandleVerifier [0x00007FF60C7E5E42+3538674]
	(No symbol) [0x00007FF60C404C02]
	(No symbol) [0x00007FF60C2B5AEB]
	(No symbol) [0x00007FF60C2EC512]
	(No symbol) [0x00007FF60C2EB872]
	(No symbol) [0x00007FF60C2E5106]
	(No symbol) [0x00007FF60C2E21C8]
	(No symbol) [0x00007FF60C3294B9]
	(No symbol) [0x00007FF60C31EE53]
	(No symbol) [0x00007FF60C2EF514]
	(No symbol) [0x00007FF60C2F0631]
	GetHandleVerifier [0x00007FF60C816CAD+3738973]
	GetHandleVerifier [0x00007FF60C86C506+4089270]
	GetHandleVerifier [0x00007FF60C864823+4057299]
	GetHandleVerifier [0x00007FF60C535C49+720121]
	(No symbol) [0x00007FF60C41126F]
	(No symbol) [0x00007FF60C40C304]
	(No symbol) [0x00007FF60C40C432]
	(No symbol) [0x00007FF60C3FBD04]
	BaseThreadInitThunk [0x00007FF891497AC4+20]
	RtlUserThreadStart [0x00007FF8918CA8C1+33]
    </status>
   </suite>
   <suite id="s1-s1-s3" name="AAAA-125 Calculator app tests" source="C:\Replay\PVH\Tests\Sample\AAAA-125 Calculator app tests.robot">
    <test id="s1-s1-s3-t1" line="10" name="Addition is tested successfully">
     <doc>
      Test to check Addition on calculator is working correctly
     </doc>
     <tag>
      AAAA-125
     </tag>
     <tag>
      addition
     </tag>
     <tag>
      Calculator
     </tag>
     <tag>
      debug_listener_messages
     </tag>
     <tag>
      Regression
     </tag>
     <tag>
      Sample
     </tag>
     <status endtime="20250305 15:09:48.473" starttime="20250305 15:09:48.473" status="FAIL">
      Parent suite setup failed:
SessionNotCreatedException: Message: session not created: This version of ChromeDriver only supports Chrome version 121
Current browser version is 133.0.6943.142 with binary path C:\Users\symphonylocal\AppData\Local\Google\Chrome\Application\chrome.exe
Stacktrace:
	GetHandleVerifier [0x00007FF60C7E5E42+3538674]
	(No symbol) [0x00007FF60C404C02]
	(No symbol) [0x00007FF60C2B5AEB]
	(No symbol) [0x00007FF60C2EC512]
	(No symbol) [0x00007FF60C2EB872]
	(No symbol) [0x00007FF60C2E5106]
	(No symbol) [0x00007FF60C2E21C8]
	(No symbol) [0x00007FF60C3294B9]
	(No symbol) [0x00007FF60C31EE53]
	(No symbol) [0x00007FF60C2EF514]
	(No symbol) [0x00007FF60C2F0631]
	GetHandleVerifier [0x00007FF60C816CAD+3738973]
	GetHandleVerifier [0x00007FF60C86C506+4089270]
	GetHandleVerifier [0x00007FF60C864823+4057299]
	GetHandleVerifier [0x00007FF60C535C49+720121]
	(No symbol) [0x00007FF60C41126F]
	(No symbol) [0x00007FF60C40C304]
	(No symbol) [0x00007FF60C40C432]
	(No symbol) [0x00007FF60C3FBD04]
	BaseThreadInitThunk [0x00007FF891497AC4+20]
	RtlUserThreadStart [0x00007FF8918CA8C1+33]
     </status>
    </test>
    <test id="s1-s1-s3-t2" line="17" name="Subtraction is tested successfully">
     <doc>
      Test to check if subraction of two number is successful
     </doc>
     <tag>
      AAAA-125
     </tag>
     <tag>
      Calculator
     </tag>
     <tag>
      debug_listener_messages
     </tag>
     <tag>
      Regression
     </tag>
     <tag>
      Sample
     </tag>
     <tag>
      subtraction
     </tag>
     <status endtime="20250305 15:09:48.475" starttime="20250305 15:09:48.475" status="FAIL">
      Parent suite setup failed:
SessionNotCreatedException: Message: session not created: This version of ChromeDriver only supports Chrome version 121
Current browser version is 133.0.6943.142 with binary path C:\Users\symphonylocal\AppData\Local\Google\Chrome\Application\chrome.exe
Stacktrace:
	GetHandleVerifier [0x00007FF60C7E5E42+3538674]
	(No symbol) [0x00007FF60C404C02]
	(No symbol) [0x00007FF60C2B5AEB]
	(No symbol) [0x00007FF60C2EC512]
	(No symbol) [0x00007FF60C2EB872]
	(No symbol) [0x00007FF60C2E5106]
	(No symbol) [0x00007FF60C2E21C8]
	(No symbol) [0x00007FF60C3294B9]
	(No symbol) [0x00007FF60C31EE53]
	(No symbol) [0x00007FF60C2EF514]
	(No symbol) [0x00007FF60C2F0631]
	GetHandleVerifier [0x00007FF60C816CAD+3738973]
	GetHandleVerifier [0x00007FF60C86C506+4089270]
	GetHandleVerifier [0x00007FF60C864823+4057299]
	GetHandleVerifier [0x00007FF60C535C49+720121]
	(No symbol) [0x00007FF60C41126F]
	(No symbol) [0x00007FF60C40C304]
	(No symbol) [0x00007FF60C40C432]
	(No symbol) [0x00007FF60C3FBD04]
	BaseThreadInitThunk [0x00007FF891497AC4+20]
	RtlUserThreadStart [0x00007FF8918CA8C1+33]
     </status>
    </test>
    <test id="s1-s1-s3-t3" line="24" name="Multiplication is tested successfully">
     <doc>
      Test to check if multiplication of two number is successful
     </doc>
     <tag>
      AAAA-125
     </tag>
     <tag>
      Calculator
     </tag>
     <tag>
      debug_listener_messages
     </tag>
     <tag>
      multiplication
     </tag>
     <tag>
      Regression
     </tag>
     <tag>
      Sample
     </tag>
     <status endtime="20250305 15:09:48.477" starttime="20250305 15:09:48.476" status="FAIL">
      Parent suite setup failed:
SessionNotCreatedException: Message: session not created: This version of ChromeDriver only supports Chrome version 121
Current browser version is 133.0.6943.142 with binary path C:\Users\symphonylocal\AppData\Local\Google\Chrome\Application\chrome.exe
Stacktrace:
	GetHandleVerifier [0x00007FF60C7E5E42+3538674]
	(No symbol) [0x00007FF60C404C02]
	(No symbol) [0x00007FF60C2B5AEB]
	(No symbol) [0x00007FF60C2EC512]
	(No symbol) [0x00007FF60C2EB872]
	(No symbol) [0x00007FF60C2E5106]
	(No symbol) [0x00007FF60C2E21C8]
	(No symbol) [0x00007FF60C3294B9]
	(No symbol) [0x00007FF60C31EE53]
	(No symbol) [0x00007FF60C2EF514]
	(No symbol) [0x00007FF60C2F0631]
	GetHandleVerifier [0x00007FF60C816CAD+3738973]
	GetHandleVerifier [0x00007FF60C86C506+4089270]
	GetHandleVerifier [0x00007FF60C864823+4057299]
	GetHandleVerifier [0x00007FF60C535C49+720121]
	(No symbol) [0x00007FF60C41126F]
	(No symbol) [0x00007FF60C40C304]
	(No symbol) [0x00007FF60C40C432]
	(No symbol) [0x00007FF60C3FBD04]
	BaseThreadInitThunk [0x00007FF891497AC4+20]
	RtlUserThreadStart [0x00007FF8918CA8C1+33]
     </status>
    </test>
    <test id="s1-s1-s3-t4" line="31" name="Division is tested successfully">
     <doc>
      Test to check if division of two number is successful
     </doc>
     <tag>
      AAAA-125
     </tag>
     <tag>
      Calculator
     </tag>
     <tag>
      debug_listener_messages
     </tag>
     <tag>
      division
     </tag>
     <tag>
      Regression
     </tag>
     <tag>
      Sample
     </tag>
     <status endtime="20250305 15:09:48.478" starttime="20250305 15:09:48.477" status="FAIL">
      Parent suite setup failed:
SessionNotCreatedException: Message: session not created: This version of ChromeDriver only supports Chrome version 121
Current browser version is 133.0.6943.142 with binary path C:\Users\symphonylocal\AppData\Local\Google\Chrome\Application\chrome.exe
Stacktrace:
	GetHandleVerifier [0x00007FF60C7E5E42+3538674]
	(No symbol) [0x00007FF60C404C02]
	(No symbol) [0x00007FF60C2B5AEB]
	(No symbol) [0x00007FF60C2EC512]
	(No symbol) [0x00007FF60C2EB872]
	(No symbol) [0x00007FF60C2E5106]
	(No symbol) [0x00007FF60C2E21C8]
	(No symbol) [0x00007FF60C3294B9]
	(No symbol) [0x00007FF60C31EE53]
	(No symbol) [0x00007FF60C2EF514]
	(No symbol) [0x00007FF60C2F0631]
	GetHandleVerifier [0x00007FF60C816CAD+3738973]
	GetHandleVerifier [0x00007FF60C86C506+4089270]
	GetHandleVerifier [0x00007FF60C864823+4057299]
	GetHandleVerifier [0x00007FF60C535C49+720121]
	(No symbol) [0x00007FF60C41126F]
	(No symbol) [0x00007FF60C40C304]
	(No symbol) [0x00007FF60C40C432]
	(No symbol) [0x00007FF60C3FBD04]
	BaseThreadInitThunk [0x00007FF891497AC4+20]
	RtlUserThreadStart [0x00007FF8918CA8C1+33]
     </status>
    </test>
    <test id="s1-s1-s3-t5" line="38" name="Division by Zero">
     <doc>
      Test to check if division of a number by zero is possible
     </doc>
     <tag>
      AAAA-125
     </tag>
     <tag>
      Calculator
     </tag>
     <tag>
      debug_listener_messages
     </tag>
     <tag>
      divide_by_zero
     </tag>
     <tag>
      Regression
     </tag>
     <tag>
      Sample
     </tag>
     <status endtime="20250305 15:09:48.479" starttime="20250305 15:09:48.479" status="FAIL">
      Parent suite setup failed:
SessionNotCreatedException: Message: session not created: This version of ChromeDriver only supports Chrome version 121
Current browser version is 133.0.6943.142 with binary path C:\Users\symphonylocal\AppData\Local\Google\Chrome\Application\chrome.exe
Stacktrace:
	GetHandleVerifier [0x00007FF60C7E5E42+3538674]
	(No symbol) [0x00007FF60C404C02]
	(No symbol) [0x00007FF60C2B5AEB]
	(No symbol) [0x00007FF60C2EC512]
	(No symbol) [0x00007FF60C2EB872]
	(No symbol) [0x00007FF60C2E5106]
	(No symbol) [0x00007FF60C2E21C8]
	(No symbol) [0x00007FF60C3294B9]
	(No symbol) [0x00007FF60C31EE53]
	(No symbol) [0x00007FF60C2EF514]
	(No symbol) [0x00007FF60C2F0631]
	GetHandleVerifier [0x00007FF60C816CAD+3738973]
	GetHandleVerifier [0x00007FF60C86C506+4089270]
	GetHandleVerifier [0x00007FF60C864823+4057299]
	GetHandleVerifier [0x00007FF60C535C49+720121]
	(No symbol) [0x00007FF60C41126F]
	(No symbol) [0x00007FF60C40C304]
	(No symbol) [0x00007FF60C40C432]
	(No symbol) [0x00007FF60C3FBD04]
	BaseThreadInitThunk [0x00007FF891497AC4+20]
	RtlUserThreadStart [0x00007FF8918CA8C1+33]
     </status>
    </test>
    <test id="s1-s1-s3-t6" line="45" name="Multiplication of float numbers">
     <doc>
      Test to check if multiplication of two float numbers is successful
     </doc>
     <tag>
      AAAA-125
     </tag>
     <tag>
      Calculator
     </tag>
     <tag>
      debug_listener_messages
     </tag>
     <tag>
      float_multiplication
     </tag>
     <tag>
      Regression
     </tag>
     <tag>
      Sample
     </tag>
     <status endtime="20250305 15:09:48.480" starttime="20250305 15:09:48.480" status="FAIL">
      Parent suite setup failed:
SessionNotCreatedException: Message: session not created: This version of ChromeDriver only supports Chrome version 121
Current browser version is 133.0.6943.142 with binary path C:\Users\symphonylocal\AppData\Local\Google\Chrome\Application\chrome.exe
Stacktrace:
	GetHandleVerifier [0x00007FF60C7E5E42+3538674]
	(No symbol) [0x00007FF60C404C02]
	(No symbol) [0x00007FF60C2B5AEB]
	(No symbol) [0x00007FF60C2EC512]
	(No symbol) [0x00007FF60C2EB872]
	(No symbol) [0x00007FF60C2E5106]
	(No symbol) [0x00007FF60C2E21C8]
	(No symbol) [0x00007FF60C3294B9]
	(No symbol) [0x00007FF60C31EE53]
	(No symbol) [0x00007FF60C2EF514]
	(No symbol) [0x00007FF60C2F0631]
	GetHandleVerifier [0x00007FF60C816CAD+3738973]
	GetHandleVerifier [0x00007FF60C86C506+4089270]
	GetHandleVerifier [0x00007FF60C864823+4057299]
	GetHandleVerifier [0x00007FF60C535C49+720121]
	(No symbol) [0x00007FF60C41126F]
	(No symbol) [0x00007FF60C40C304]
	(No symbol) [0x00007FF60C40C432]
	(No symbol) [0x00007FF60C3FBD04]
	BaseThreadInitThunk [0x00007FF891497AC4+20]
	RtlUserThreadStart [0x00007FF8918CA8C1+33]
     </status>
    </test>
    <test id="s1-s1-s3-t7" line="52" name="Clear of state">
     <doc>
      Test to check if clear of state is possible
     </doc>
     <tag>
      AAAA-125
     </tag>
     <tag>
      Calculator
     </tag>
     <tag>
      clear_state
     </tag>
     <tag>
      debug_listener_messages
     </tag>
     <tag>
      Regression
     </tag>
     <tag>
      Sample
     </tag>
     <status endtime="20250305 15:09:48.481" starttime="20250305 15:09:48.481" status="FAIL">
      Parent suite setup failed:
SessionNotCreatedException: Message: session not created: This version of ChromeDriver only supports Chrome version 121
Current browser version is 133.0.6943.142 with binary path C:\Users\symphonylocal\AppData\Local\Google\Chrome\Application\chrome.exe
Stacktrace:
	GetHandleVerifier [0x00007FF60C7E5E42+3538674]
	(No symbol) [0x00007FF60C404C02]
	(No symbol) [0x00007FF60C2B5AEB]
	(No symbol) [0x00007FF60C2EC512]
	(No symbol) [0x00007FF60C2EB872]
	(No symbol) [0x00007FF60C2E5106]
	(No symbol) [0x00007FF60C2E21C8]
	(No symbol) [0x00007FF60C3294B9]
	(No symbol) [0x00007FF60C31EE53]
	(No symbol) [0x00007FF60C2EF514]
	(No symbol) [0x00007FF60C2F0631]
	GetHandleVerifier [0x00007FF60C816CAD+3738973]
	GetHandleVerifier [0x00007FF60C86C506+4089270]
	GetHandleVerifier [0x00007FF60C864823+4057299]
	GetHandleVerifier [0x00007FF60C535C49+720121]
	(No symbol) [0x00007FF60C41126F]
	(No symbol) [0x00007FF60C40C304]
	(No symbol) [0x00007FF60C40C432]
	(No symbol) [0x00007FF60C3FBD04]
	BaseThreadInitThunk [0x00007FF891497AC4+20]
	RtlUserThreadStart [0x00007FF8918CA8C1+33]
     </status>
    </test>
    <test id="s1-s1-s3-t8" line="59" name="Negation of number sign">
     <doc>
      Test to check if negation of number is possible
     </doc>
     <tag>
      AAAA-125
     </tag>
     <tag>
      Calculator
     </tag>
     <tag>
      debug_listener_messages
     </tag>
     <tag>
      number_negation
     </tag>
     <tag>
      Regression
     </tag>
     <tag>
      Sample
     </tag>
     <status endtime="20250305 15:09:48.482" starttime="20250305 15:09:48.482" status="FAIL">
      Parent suite setup failed:
SessionNotCreatedException: Message: session not created: This version of ChromeDriver only supports Chrome version 121
Current browser version is 133.0.6943.142 with binary path C:\Users\symphonylocal\AppData\Local\Google\Chrome\Application\chrome.exe
Stacktrace:
	GetHandleVerifier [0x00007FF60C7E5E42+3538674]
	(No symbol) [0x00007FF60C404C02]
	(No symbol) [0x00007FF60C2B5AEB]
	(No symbol) [0x00007FF60C2EC512]
	(No symbol) [0x00007FF60C2EB872]
	(No symbol) [0x00007FF60C2E5106]
	(No symbol) [0x00007FF60C2E21C8]
	(No symbol) [0x00007FF60C3294B9]
	(No symbol) [0x00007FF60C31EE53]
	(No symbol) [0x00007FF60C2EF514]
	(No symbol) [0x00007FF60C2F0631]
	GetHandleVerifier [0x00007FF60C816CAD+3738973]
	GetHandleVerifier [0x00007FF60C86C506+4089270]
	GetHandleVerifier [0x00007FF60C864823+4057299]
	GetHandleVerifier [0x00007FF60C535C49+720121]
	(No symbol) [0x00007FF60C41126F]
	(No symbol) [0x00007FF60C40C304]
	(No symbol) [0x00007FF60C40C432]
	(No symbol) [0x00007FF60C3FBD04]
	BaseThreadInitThunk [0x00007FF891497AC4+20]
	RtlUserThreadStart [0x00007FF8918CA8C1+33]
     </status>
    </test>
    <test id="s1-s1-s3-t9" line="66" name="Large number addition">
     <doc>
      Test to check addition of large number is successful
     </doc>
     <tag>
      AAAA-125
     </tag>
     <tag>
      Calculator
     </tag>
     <tag>
      debug_listener_messages
     </tag>
     <tag>
      large_number_add
     </tag>
     <tag>
      Regression
     </tag>
     <tag>
      Sample
     </tag>
     <status endtime="20250305 15:09:48.483" starttime="20250305 15:09:48.483" status="FAIL">
      Parent suite setup failed:
SessionNotCreatedException: Message: session not created: This version of ChromeDriver only supports Chrome version 121
Current browser version is 133.0.6943.142 with binary path C:\Users\symphonylocal\AppData\Local\Google\Chrome\Application\chrome.exe
Stacktrace:
	GetHandleVerifier [0x00007FF60C7E5E42+3538674]
	(No symbol) [0x00007FF60C404C02]
	(No symbol) [0x00007FF60C2B5AEB]
	(No symbol) [0x00007FF60C2EC512]
	(No symbol) [0x00007FF60C2EB872]
	(No symbol) [0x00007FF60C2E5106]
	(No symbol) [0x00007FF60C2E21C8]
	(No symbol) [0x00007FF60C3294B9]
	(No symbol) [0x00007FF60C31EE53]
	(No symbol) [0x00007FF60C2EF514]
	(No symbol) [0x00007FF60C2F0631]
	GetHandleVerifier [0x00007FF60C816CAD+3738973]
	GetHandleVerifier [0x00007FF60C86C506+4089270]
	GetHandleVerifier [0x00007FF60C864823+4057299]
	GetHandleVerifier [0x00007FF60C535C49+720121]
	(No symbol) [0x00007FF60C41126F]
	(No symbol) [0x00007FF60C40C304]
	(No symbol) [0x00007FF60C40C432]
	(No symbol) [0x00007FF60C3FBD04]
	BaseThreadInitThunk [0x00007FF891497AC4+20]
	RtlUserThreadStart [0x00007FF8918CA8C1+33]
     </status>
    </test>
    <test id="s1-s1-s3-t10" line="73" name="Large number multiplication">
     <doc>
      Test to check multiplication of large number is successful
     </doc>
     <tag>
      AAAA-125
     </tag>
     <tag>
      Calculator
     </tag>
     <tag>
      debug_listener_messages
     </tag>
     <tag>
      large_number_multiply
     </tag>
     <tag>
      Regression
     </tag>
     <tag>
      Sample
     </tag>
     <status endtime="20250305 15:09:48.485" starttime="20250305 15:09:48.484" status="FAIL">
      Parent suite setup failed:
SessionNotCreatedException: Message: session not created: This version of ChromeDriver only supports Chrome version 121
Current browser version is 133.0.6943.142 with binary path C:\Users\symphonylocal\AppData\Local\Google\Chrome\Application\chrome.exe
Stacktrace:
	GetHandleVerifier [0x00007FF60C7E5E42+3538674]
	(No symbol) [0x00007FF60C404C02]
	(No symbol) [0x00007FF60C2B5AEB]
	(No symbol) [0x00007FF60C2EC512]
	(No symbol) [0x00007FF60C2EB872]
	(No symbol) [0x00007FF60C2E5106]
	(No symbol) [0x00007FF60C2E21C8]
	(No symbol) [0x00007FF60C3294B9]
	(No symbol) [0x00007FF60C31EE53]
	(No symbol) [0x00007FF60C2EF514]
	(No symbol) [0x00007FF60C2F0631]
	GetHandleVerifier [0x00007FF60C816CAD+3738973]
	GetHandleVerifier [0x00007FF60C86C506+4089270]
	GetHandleVerifier [0x00007FF60C864823+4057299]
	GetHandleVerifier [0x00007FF60C535C49+720121]
	(No symbol) [0x00007FF60C41126F]
	(No symbol) [0x00007FF60C40C304]
	(No symbol) [0x00007FF60C40C432]
	(No symbol) [0x00007FF60C3FBD04]
	BaseThreadInitThunk [0x00007FF891497AC4+20]
	RtlUserThreadStart [0x00007FF8918CA8C1+33]
     </status>
    </test>
    <doc>
     Tests Calculator app functionality. Jira-ID: AAAA-125
    </doc>
    <status endtime="20250305 15:09:48.486" starttime="20250305 15:09:48.472" status="FAIL">
     Parent suite setup failed:
SessionNotCreatedException: Message: session not created: This version of ChromeDriver only supports Chrome version 121
Current browser version is 133.0.6943.142 with binary path C:\Users\symphonylocal\AppData\Local\Google\Chrome\Application\chrome.exe
Stacktrace:
	GetHandleVerifier [0x00007FF60C7E5E42+3538674]
	(No symbol) [0x00007FF60C404C02]
	(No symbol) [0x00007FF60C2B5AEB]
	(No symbol) [0x00007FF60C2EC512]
	(No symbol) [0x00007FF60C2EB872]
	(No symbol) [0x00007FF60C2E5106]
	(No symbol) [0x00007FF60C2E21C8]
	(No symbol) [0x00007FF60C3294B9]
	(No symbol) [0x00007FF60C31EE53]
	(No symbol) [0x00007FF60C2EF514]
	(No symbol) [0x00007FF60C2F0631]
	GetHandleVerifier [0x00007FF60C816CAD+3738973]
	GetHandleVerifier [0x00007FF60C86C506+4089270]
	GetHandleVerifier [0x00007FF60C864823+4057299]
	GetHandleVerifier [0x00007FF60C535C49+720121]
	(No symbol) [0x00007FF60C41126F]
	(No symbol) [0x00007FF60C40C304]
	(No symbol) [0x00007FF60C40C432]
	(No symbol) [0x00007FF60C3FBD04]
	BaseThreadInitThunk [0x00007FF891497AC4+20]
	RtlUserThreadStart [0x00007FF8918CA8C1+33]
    </status>
   </suite>
   <suite id="s1-s1-s4" name="AAAA-126 Template Calculator Test" source="C:\Replay\PVH\Tests\Sample\AAAA-126 Template Calculator Test.robot">
    <test id="s1-s1-s4-t1" line="10" name="Addition is tested successfully through template">
     <doc>
      Test to check Addition on calculator is working correctly through template
     </doc>
     <tag>
      AAAA-126
     </tag>
     <tag>
      addition_data_driven
     </tag>
     <tag>
      Calculator
     </tag>
     <tag>
      Regression
     </tag>
     <tag>
      Sample
     </tag>
     <status endtime="20250305 15:09:47.913" starttime="20250305 15:09:47.913" status="FAIL">
      Parent suite setup failed:
SessionNotCreatedException: Message: session not created: This version of ChromeDriver only supports Chrome version 121
Current browser version is 133.0.6943.142 with binary path C:\Users\symphonylocal\AppData\Local\Google\Chrome\Application\chrome.exe
Stacktrace:
	GetHandleVerifier [0x00007FF60C7E5E42+3538674]
	(No symbol) [0x00007FF60C404C02]
	(No symbol) [0x00007FF60C2B5AEB]
	(No symbol) [0x00007FF60C2EC512]
	(No symbol) [0x00007FF60C2EB872]
	(No symbol) [0x00007FF60C2E5106]
	(No symbol) [0x00007FF60C2E21C8]
	(No symbol) [0x00007FF60C3294B9]
	(No symbol) [0x00007FF60C31EE53]
	(No symbol) [0x00007FF60C2EF514]
	(No symbol) [0x00007FF60C2F0631]
	GetHandleVerifier [0x00007FF60C816CAD+3738973]
	GetHandleVerifier [0x00007FF60C86C506+4089270]
	GetHandleVerifier [0x00007FF60C864823+4057299]
	GetHandleVerifier [0x00007FF60C535C49+720121]
	(No symbol) [0x00007FF60C41126F]
	(No symbol) [0x00007FF60C40C304]
	(No symbol) [0x00007FF60C40C432]
	(No symbol) [0x00007FF60C3FBD04]
	BaseThreadInitThunk [0x00007FF891497AC4+20]
	RtlUserThreadStart [0x00007FF8918CA8C1+33]
     </status>
    </test>
    <doc>
     Tests Calculator app functionality in template. Jira-ID: AAAA-126
    </doc>
    <status endtime="20250305 15:09:47.915" starttime="20250305 15:09:47.912" status="FAIL">
     Parent suite setup failed:
SessionNotCreatedException: Message: session not created: This version of ChromeDriver only supports Chrome version 121
Current browser version is 133.0.6943.142 with binary path C:\Users\symphonylocal\AppData\Local\Google\Chrome\Application\chrome.exe
Stacktrace:
	GetHandleVerifier [0x00007FF60C7E5E42+3538674]
	(No symbol) [0x00007FF60C404C02]
	(No symbol) [0x00007FF60C2B5AEB]
	(No symbol) [0x00007FF60C2EC512]
	(No symbol) [0x00007FF60C2EB872]
	(No symbol) [0x00007FF60C2E5106]
	(No symbol) [0x00007FF60C2E21C8]
	(No symbol) [0x00007FF60C3294B9]
	(No symbol) [0x00007FF60C31EE53]
	(No symbol) [0x00007FF60C2EF514]
	(No symbol) [0x00007FF60C2F0631]
	GetHandleVerifier [0x00007FF60C816CAD+3738973]
	GetHandleVerifier [0x00007FF60C86C506+4089270]
	GetHandleVerifier [0x00007FF60C864823+4057299]
	GetHandleVerifier [0x00007FF60C535C49+720121]
	(No symbol) [0x00007FF60C41126F]
	(No symbol) [0x00007FF60C40C304]
	(No symbol) [0x00007FF60C40C432]
	(No symbol) [0x00007FF60C3FBD04]
	BaseThreadInitThunk [0x00007FF891497AC4+20]
	RtlUserThreadStart [0x00007FF8918CA8C1+33]
    </status>
   </suite>
   <suite id="s1-s1-s5" name="Datadriver" source="C:\Replay\PVH\Tests\Sample\Datadriver">
    <suite id="s1-s1-s5-s1" name="Test" source="C:\Replay\PVH\Tests\Sample\Datadriver\Test.robot">
     <test id="s1-s1-s5-s1-t1" line="12" name="Add two number with datadriver">
      <doc>
       Test Objective: To test multiple data set with single test case using datadriver.
      </doc>
      <tag>
       DatadriverTest
      </tag>
      <tag>
       Regression
      </tag>
      <tag>
       Sample
      </tag>
      <status endtime="20250305 15:09:57.184" starttime="20250305 15:09:57.183" status="FAIL">
       Parent suite setup failed:
SessionNotCreatedException: Message: session not created: This version of ChromeDriver only supports Chrome version 121
Current browser version is 133.0.6943.142 with binary path C:\Users\symphonylocal\AppData\Local\Google\Chrome\Application\chrome.exe
Stacktrace:
	GetHandleVerifier [0x00007FF60C7E5E42+3538674]
	(No symbol) [0x00007FF60C404C02]
	(No symbol) [0x00007FF60C2B5AEB]
	(No symbol) [0x00007FF60C2EC512]
	(No symbol) [0x00007FF60C2EB872]
	(No symbol) [0x00007FF60C2E5106]
	(No symbol) [0x00007FF60C2E21C8]
	(No symbol) [0x00007FF60C3294B9]
	(No symbol) [0x00007FF60C31EE53]
	(No symbol) [0x00007FF60C2EF514]
	(No symbol) [0x00007FF60C2F0631]
	GetHandleVerifier [0x00007FF60C816CAD+3738973]
	GetHandleVerifier [0x00007FF60C86C506+4089270]
	GetHandleVerifier [0x00007FF60C864823+4057299]
	GetHandleVerifier [0x00007FF60C535C49+720121]
	(No symbol) [0x00007FF60C41126F]
	(No symbol) [0x00007FF60C40C304]
	(No symbol) [0x00007FF60C40C432]
	(No symbol) [0x00007FF60C3FBD04]
	BaseThreadInitThunk [0x00007FF891497AC4+20]
	RtlUserThreadStart [0x00007FF8918CA8C1+33]
      </status>
     </test>
     <doc>
      Multiple data set run using DataDriver. Jira-ID: AGKL-659
     </doc>
     <status endtime="20250305 15:09:57.185" starttime="20250305 15:09:57.182" status="FAIL">
      Parent suite setup failed:
SessionNotCreatedException: Message: session not created: This version of ChromeDriver only supports Chrome version 121
Current browser version is 133.0.6943.142 with binary path C:\Users\symphonylocal\AppData\Local\Google\Chrome\Application\chrome.exe
Stacktrace:
	GetHandleVerifier [0x00007FF60C7E5E42+3538674]
	(No symbol) [0x00007FF60C404C02]
	(No symbol) [0x00007FF60C2B5AEB]
	(No symbol) [0x00007FF60C2EC512]
	(No symbol) [0x00007FF60C2EB872]
	(No symbol) [0x00007FF60C2E5106]
	(No symbol) [0x00007FF60C2E21C8]
	(No symbol) [0x00007FF60C3294B9]
	(No symbol) [0x00007FF60C31EE53]
	(No symbol) [0x00007FF60C2EF514]
	(No symbol) [0x00007FF60C2F0631]
	GetHandleVerifier [0x00007FF60C816CAD+3738973]
	GetHandleVerifier [0x00007FF60C86C506+4089270]
	GetHandleVerifier [0x00007FF60C864823+4057299]
	GetHandleVerifier [0x00007FF60C535C49+720121]
	(No symbol) [0x00007FF60C41126F]
	(No symbol) [0x00007FF60C40C304]
	(No symbol) [0x00007FF60C40C432]
	(No symbol) [0x00007FF60C3FBD04]
	BaseThreadInitThunk [0x00007FF891497AC4+20]
	RtlUserThreadStart [0x00007FF8918CA8C1+33]
     </status>
    </suite>
    <status endtime="20250305 15:09:59.255" starttime="20250305 15:09:57.182" status="FAIL">
     Parent suite setup failed:
SessionNotCreatedException: Message: session not created: This version of ChromeDriver only supports Chrome version 121
Current browser version is 133.0.6943.142 with binary path C:\Users\symphonylocal\AppData\Local\Google\Chrome\Application\chrome.exe
Stacktrace:
	GetHandleVerifier [0x00007FF60C7E5E42+3538674]
	(No symbol) [0x00007FF60C404C02]
	(No symbol) [0x00007FF60C2B5AEB]
	(No symbol) [0x00007FF60C2EC512]
	(No symbol) [0x00007FF60C2EB872]
	(No symbol) [0x00007FF60C2E5106]
	(No symbol) [0x00007FF60C2E21C8]
	(No symbol) [0x00007FF60C3294B9]
	(No symbol) [0x00007FF60C31EE53]
	(No symbol) [0x00007FF60C2EF514]
	(No symbol) [0x00007FF60C2F0631]
	GetHandleVerifier [0x00007FF60C816CAD+3738973]
	GetHandleVerifier [0x00007FF60C86C506+4089270]
	GetHandleVerifier [0x00007FF60C864823+4057299]
	GetHandleVerifier [0x00007FF60C535C49+720121]
	(No symbol) [0x00007FF60C41126F]
	(No symbol) [0x00007FF60C40C304]
	(No symbol) [0x00007FF60C40C432]
	(No symbol) [0x00007FF60C3FBD04]
	BaseThreadInitThunk [0x00007FF891497AC4+20]
	RtlUserThreadStart [0x00007FF8918CA8C1+33]
    </status>
   </suite>
   <doc>
    Sample Tests
   </doc>
   <status endtime="20250305 15:09:59.256" starttime="20250305 15:09:47.910" status="FAIL">
    Parent suite setup failed:
SessionNotCreatedException: Message: session not created: This version of ChromeDriver only supports Chrome version 121
Current browser version is 133.0.6943.142 with binary path C:\Users\symphonylocal\AppData\Local\Google\Chrome\Application\chrome.exe
Stacktrace:
	GetHandleVerifier [0x00007FF60C7E5E42+3538674]
	(No symbol) [0x00007FF60C404C02]
	(No symbol) [0x00007FF60C2B5AEB]
	(No symbol) [0x00007FF60C2EC512]
	(No symbol) [0x00007FF60C2EB872]
	(No symbol) [0x00007FF60C2E5106]
	(No symbol) [0x00007FF60C2E21C8]
	(No symbol) [0x00007FF60C3294B9]
	(No symbol) [0x00007FF60C31EE53]
	(No symbol) [0x00007FF60C2EF514]
	(No symbol) [0x00007FF60C2F0631]
	GetHandleVerifier [0x00007FF60C816CAD+3738973]
	GetHandleVerifier [0x00007FF60C86C506+4089270]
	GetHandleVerifier [0x00007FF60C864823+4057299]
	GetHandleVerifier [0x00007FF60C535C49+720121]
	(No symbol) [0x00007FF60C41126F]
	(No symbol) [0x00007FF60C40C304]
	(No symbol) [0x00007FF60C40C432]
	(No symbol) [0x00007FF60C3FBD04]
	BaseThreadInitThunk [0x00007FF891497AC4+20]
	RtlUserThreadStart [0x00007FF8918CA8C1+33]
   </status>
  </suite>
  <doc>
   Testing functionality through Robot Framework
  </doc>
  <meta name="test_environment">
   Dev
  </meta>
  <meta name="test_freeze_dependencies">
   astroid==3.3.8,attrs==25.1.0,beautifulsoup4==4.13.3,bs4==0.0.2,certifi==2025.1.31,cffi==1.17.1,chardet==5.2.0,charset-normalizer==3.4.1,click==8.1.8,colorama==0.4.6,cryptography==44.0.2,defusedxml==0.7.1,dill==0.3.9,docutils==0.21.2,et_xmlfile==2.0.0,exceptiongroup==1.2.2,gitdb==4.0.12,GitPython==3.1.44,h11==0.14.0,idna==3.10,isort==6.0.1,Jinja2==3.1.5,jira==3.8.0,jsonpath-ng==1.7.0,jsonschema==4.23.0,jsonschema-specifications==2024.10.1,lazy-object-proxy==1.10.0,lxml==5.3.1,markdown-it-py==3.0.0,MarkupSafe==3.0.2,mccabe==0.7.0,mdurl==0.1.2,natsort==8.4.0,oauthlib==3.2.2,openpyxl==3.1.5,outcome==1.3.0.post0,packaging==24.2,pathspec==0.11.2,pillow==11.1.0,pip==25.0.1,platformdirs==4.3.6,ply==3.11,pycparser==2.22,Pygments==2.19.1,pylint==3.3.4,PySocks==1.7.1,pywin32==308,PyYAML==6.0.2,referencing==0.36.2,requests==2.32.3,requests-oauthlib==2.0.0,requests-toolbelt==1.0.0,rich==13.9.4,rich-click==1.6.1,robotframework==6.0.2,robotframework-datadriver==1.9.0,robotframework-excellib==2.0.1,robotframework-jsonlibrary==0.5,robotframework-pabot==2.16.0,robotframework-pythonlibcore==4.2.0,robotframework-requests==0.9.2,robotframework-sapguilibrary==1.1,robotframework-seleniumlibrary==5.1.3,robotframework-stacktrace==0.4.1,robotframework-tidy==4.5.0,rpds-py==0.23.1,selenium==4.9.1,setuptools==75.8.2,smmap==5.0.2,sniffio==1.3.1,sortedcontainers==2.4.0,soupsieve==2.6,tomli==2.0.2,tomlkit==0.13.2,trio==0.29.0,trio-websocket==0.12.2,typing_extensions==4.12.2,urllib3==2.3.0,wheel==0.45.1,wrapt==1.17.2,wsproto==1.2.0
  </meta>
  <status endtime="20250305 15:09:59.257" starttime="20250305 15:09:38.033" status="FAIL">
   Suite setup failed:
SessionNotCreatedException: Message: session not created: This version of ChromeDriver only supports Chrome version 121
Current browser version is 133.0.6943.142 with binary path C:\Users\symphonylocal\AppData\Local\Google\Chrome\Application\chrome.exe
Stacktrace:
	GetHandleVerifier [0x00007FF60C7E5E42+3538674]
	(No symbol) [0x00007FF60C404C02]
	(No symbol) [0x00007FF60C2B5AEB]
	(No symbol) [0x00007FF60C2EC512]
	(No symbol) [0x00007FF60C2EB872]
	(No symbol) [0x00007FF60C2E5106]
	(No symbol) [0x00007FF60C2E21C8]
	(No symbol) [0x00007FF60C3294B9]
	(No symbol) [0x00007FF60C31EE53]
	(No symbol) [0x00007FF60C2EF514]
	(No symbol) [0x00007FF60C2F0631]
	GetHandleVerifier [0x00007FF60C816CAD+3738973]
	GetHandleVerifier [0x00007FF60C86C506+4089270]
	GetHandleVerifier [0x00007FF60C864823+4057299]
	GetHandleVerifier [0x00007FF60C535C49+720121]
	(No symbol) [0x00007FF60C41126F]
	(No symbol) [0x00007FF60C40C304]
	(No symbol) [0x00007FF60C40C432]
	(No symbol) [0x00007FF60C3FBD04]
	BaseThreadInitThunk [0x00007FF891497AC4+20]
	RtlUserThreadStart [0x00007FF8918CA8C1+33]
  </status>
 </suite>
 <statistics>
  <total>
   <stat fail="14" pass="0" skip="0">
    All Tests
   </stat>
  </total>
  <tag>
   <stat fail="1" pass="0" skip="0">
    AAAA-123
   </stat>
   <stat fail="1" pass="0" skip="0">
    AAAA-124
   </stat>
   <stat fail="10" pass="0" skip="0">
    AAAA-125
   </stat>
   <stat fail="1" pass="0" skip="0">
    AAAA-126
   </stat>
   <stat fail="1" pass="0" skip="0">
    addition
   </stat>
   <stat fail="1" pass="0" skip="0">
    addition_data_driven
   </stat>
   <stat fail="11" pass="0" skip="0">
    Calculator
   </stat>
   <stat fail="1" pass="0" skip="0">
    clear_state
   </stat>
   <stat fail="1" pass="0" skip="0">
    DatadriverTest
   </stat>
   <stat fail="11" pass="0" skip="0">
    debug_listener_messages
   </stat>
   <stat fail="1" pass="0" skip="0">
    divide_by_zero
   </stat>
   <stat fail="1" pass="0" skip="0">
    division
   </stat>
   <stat fail="1" pass="0" skip="0">
    float_multiplication
   </stat>
   <stat fail="1" pass="0" skip="0">
    helloworld
   </stat>
   <stat fail="1" pass="0" skip="0">
    large_number_add
   </stat>
   <stat fail="1" pass="0" skip="0">
    large_number_multiply
   </stat>
   <stat fail="1" pass="0" skip="0">
    multiplication
   </stat>
   <stat fail="1" pass="0" skip="0">
    number_negation
   </stat>
   <stat fail="14" pass="0" skip="0">
    regression
   </stat>
   <stat fail="14" pass="0" skip="0">
    Sample
   </stat>
   <stat fail="1" pass="0" skip="0">
    SampleTest
   </stat>
   <stat fail="1" pass="0" skip="0">
    selenium
   </stat>
   <stat fail="1" pass="0" skip="0">
    subtraction
   </stat>
   <stat fail="1" pass="0" skip="0">
    uat
   </stat>
   <stat fail="1" pass="0" skip="0">
    Web
   </stat>
  </tag>
  <suite>
   <stat fail="14" id="s1" name="Tests" pass="0" skip="0">
    Tests
   </stat>
   <stat fail="14" id="s1-s1" name="Sample" pass="0" skip="0">
    Tests.Sample
   </stat>
   <stat fail="1" id="s1-s1-s1" name="AAAA-123 Hello World User Story" pass="0" skip="0">
    Tests.Sample.AAAA-123 Hello World User Story
   </stat>
   <stat fail="1" id="s1-s1-s2" name="AAAA-124 User Story to test selenium navigation" pass="0" skip="0">
    Tests.Sample.AAAA-124 User Story to test selenium navigation
   </stat>
   <stat fail="10" id="s1-s1-s3" name="AAAA-125 Calculator app tests" pass="0" skip="0">
    Tests.Sample.AAAA-125 Calculator app tests
   </stat>
   <stat fail="1" id="s1-s1-s4" name="AAAA-126 Template Calculator Test" pass="0" skip="0">
    Tests.Sample.AAAA-126 Template Calculator Test
   </stat>
   <stat fail="1" id="s1-s1-s5" name="Datadriver" pass="0" skip="0">
    Tests.Sample.Datadriver
   </stat>
   <stat fail="1" id="s1-s1-s5-s1" name="Test" pass="0" skip="0">
    Tests.Sample.Datadriver.Test
   </stat>
  </suite>
 </statistics>
 <errors>
 </errors>
</robot>
