<?xml version="1.0" encoding="UTF-8"?>
<robot generator="Robot 6.0.2 (Python 3.13.2 on win32)" generated="20250305 15:09:36.579" rpa="false" schemaversion="3">
<suite id="s1" name="Tests" source="C:\Replay\PVH\Tests">
<kw name="Setup highest level suite" type="SETUP">
<kw name="Set Variable" library="BuiltIn">
<var>${d.test_server}</var>
<arg>${test_server}</arg>
<doc>Returns the given values which can then be assigned to a variables.</doc>
<msg timestamp="20250305 15:09:38.907" level="INFO">${d.test_server} = Dev</msg>
<status status="PASS" starttime="20250305 15:09:38.906" endtime="20250305 15:09:38.907"/>
</kw>
<kw name="Reset screenshot count variable" library="Support">
<kw name="Set Variable" library="BuiltIn">
<var>${screenshotCount}</var>
<arg>${PABOTQUEUEINDEX}_1</arg>
<doc>Returns the given values which can then be assigned to a variables.</doc>
<msg timestamp="20250305 15:09:38.908" level="INFO">${screenshotCount} = 2_1</msg>
<status status="PASS" starttime="20250305 15:09:38.908" endtime="20250305 15:09:38.908"/>
</kw>
<kw name="Set Global Variable" library="BuiltIn">
<arg>${screenshotCount}</arg>
<doc>Makes a variable available globally in all tests and suites.</doc>
<msg timestamp="20250305 15:09:38.909" level="INFO">${screenshotCount} = 2_1</msg>
<status status="PASS" starttime="20250305 15:09:38.909" endtime="20250305 15:09:38.909"/>
</kw>
<kw name="Set up screenshot directory" library="Support">
<kw name="Create Directory" library="OperatingSystem">
<arg>${OUTPUTDIR}${/}${wvar('screenshot_dir')}</arg>
<doc>Creates the specified directory.</doc>
<msg timestamp="20250305 15:09:38.911" level="INFO">Web.Dev.screenshot_dir: Screenshot</msg>
<msg timestamp="20250305 15:09:38.913" level="INFO" html="true">Created directory '&lt;a href="file://C:\Replay\PVH\Output\pabot_results\2\Screenshot"&gt;C:\Replay\PVH\Output\pabot_results\2\Screenshot&lt;/a&gt;'.</msg>
<status status="PASS" starttime="20250305 15:09:38.910" endtime="20250305 15:09:38.913"/>
</kw>
<status status="PASS" starttime="20250305 15:09:38.909" endtime="20250305 15:09:38.913"/>
</kw>
<status status="PASS" starttime="20250305 15:09:38.907" endtime="20250305 15:09:38.913"/>
</kw>
<kw name="Set Global Variable" library="BuiltIn">
<arg>${screenshot_taking}</arg>
<arg>${True}</arg>
<doc>Makes a variable available globally in all tests and suites.</doc>
<msg timestamp="20250305 15:09:38.914" level="INFO">${screenshot_taking} = True</msg>
<status status="PASS" starttime="20250305 15:09:38.913" endtime="20250305 15:09:38.914"/>
</kw>
<kw name="Setup linux execution" library="Support">
<kw name="Run Keyword And Return Status" library="BuiltIn">
<var>${web_test_check}</var>
<arg>Variable Should Exist</arg>
<arg>${web_test}</arg>
<doc>Runs the given keyword with given arguments and returns the status as a Boolean value.</doc>
<kw name="Variable Should Exist" library="BuiltIn">
<arg>${web_test}</arg>
<doc>Fails unless the given variable exists within the current scope.</doc>
<status status="PASS" starttime="20250305 15:09:38.915" endtime="20250305 15:09:38.915"/>
</kw>
<msg timestamp="20250305 15:09:38.915" level="INFO">${web_test_check} = True</msg>
<status status="PASS" starttime="20250305 15:09:38.914" endtime="20250305 15:09:38.915"/>
</kw>
<kw name="Run Keyword If" library="BuiltIn">
<arg>${web_test_check}</arg>
<arg>Setup Docker Execution Options</arg>
<doc>Runs the given keyword with the given arguments, if ``condition`` is true.</doc>
<kw name="Setup Docker Execution Options" library="Support_Web">
<kw name="Setup Suite Metadata" library="Support_Web">
<arg>${browser}</arg>
<kw name="Get Browser Metadata" library="BrowserSupport">
<var>&amp;{browser_information}</var>
<arg>browser=${browser}</arg>
<doc>Fetches browser metadata information
:param browser: Name of the browser for which information is fetched
:param reload: Re-read the metadata based on the browser
:return: Browser metadata information, dict of format
            {"browser_version": browser version value,
             "driver_version": driver version value}</doc>
<msg timestamp="20250305 15:09:48.457" level="FAIL">SessionNotCreatedException: Message: session not created: This version of ChromeDriver only supports Chrome version 121
Current browser version is 133.0.6943.142 with binary path C:\Users\symphonylocal\AppData\Local\Google\Chrome\Application\chrome.exe
Stacktrace:
	GetHandleVerifier [0x00007FF60C7E5E42+3538674]
	(No symbol) [0x00007FF60C404C02]
	(No symbol) [0x00007FF60C2B5AEB]
	(No symbol) [0x00007FF60C2EC512]
	(No symbol) [0x00007FF60C2EB872]
	(No symbol) [0x00007FF60C2E5106]
	(No symbol) [0x00007FF60C2E21C8]
	(No symbol) [0x00007FF60C3294B9]
	(No symbol) [0x00007FF60C31EE53]
	(No symbol) [0x00007FF60C2EF514]
	(No symbol) [0x00007FF60C2F0631]
	GetHandleVerifier [0x00007FF60C816CAD+3738973]
	GetHandleVerifier [0x00007FF60C86C506+4089270]
	GetHandleVerifier [0x00007FF60C864823+4057299]
	GetHandleVerifier [0x00007FF60C535C49+720121]
	(No symbol) [0x00007FF60C41126F]
	(No symbol) [0x00007FF60C40C304]
	(No symbol) [0x00007FF60C40C432]
	(No symbol) [0x00007FF60C3FBD04]
	BaseThreadInitThunk [0x00007FF891497AC4+20]
	RtlUserThreadStart [0x00007FF8918CA8C1+33]
</msg>
<status status="FAIL" starttime="20250305 15:09:38.916" endtime="20250305 15:09:48.464"/>
</kw>
<kw name="Set Suite Metadata" library="BuiltIn">
<arg>test_browser_name</arg>
<arg>${browser}</arg>
<doc>Sets metadata for the current test suite.</doc>
<status status="NOT RUN" starttime="20250305 15:09:48.466" endtime="20250305 15:09:48.467"/>
</kw>
<kw name="Set Suite Metadata" library="BuiltIn">
<arg>test_browser_version</arg>
<arg>${browser_information.browser_version}</arg>
<doc>Sets metadata for the current test suite.</doc>
<status status="NOT RUN" starttime="20250305 15:09:48.467" endtime="20250305 15:09:48.467"/>
</kw>
<kw name="Set Suite Metadata" library="BuiltIn">
<arg>test_driver_version</arg>
<arg>${browser_information.driver_version}</arg>
<doc>Sets metadata for the current test suite.</doc>
<status status="NOT RUN" starttime="20250305 15:09:48.467" endtime="20250305 15:09:48.468"/>
</kw>
<status status="FAIL" starttime="20250305 15:09:38.916" endtime="20250305 15:09:48.468"/>
</kw>
<kw name="Setup Global Docker Execution Options" library="Support_Web">
<status status="NOT RUN" starttime="20250305 15:09:48.468" endtime="20250305 15:09:48.468"/>
</kw>
<kw name="Create Webdriver for chrome preferences" library="Support_Web">
<status status="NOT RUN" starttime="20250305 15:09:48.469" endtime="20250305 15:09:48.469"/>
</kw>
<status status="FAIL" starttime="20250305 15:09:38.916" endtime="20250305 15:09:48.469"/>
</kw>
<status status="FAIL" starttime="20250305 15:09:38.916" endtime="20250305 15:09:48.469"/>
</kw>
<status status="FAIL" starttime="20250305 15:09:38.914" endtime="20250305 15:09:48.469"/>
</kw>
<kw name="Set Suite Metadata" library="BuiltIn">
<arg>environment</arg>
<arg>${test_server}</arg>
<doc>Sets metadata for the current test suite.</doc>
<status status="NOT RUN" starttime="20250305 15:09:48.470" endtime="20250305 15:09:48.470"/>
</kw>
<status status="FAIL" starttime="20250305 15:09:38.905" endtime="20250305 15:09:48.470"/>
</kw>
<suite id="s1-s1" name="Sample" source="C:\Replay\PVH\Tests\Sample">
<suite id="s1-s1-s1" name="AAAA-125 Calculator app tests" source="C:\Replay\PVH\Tests\Sample\AAAA-125 Calculator app tests.robot">
<test id="s1-s1-s1-t1" name="Addition is tested successfully" line="10">
<doc>Test to check Addition on calculator is working correctly</doc>
<tag>AAAA-125</tag>
<tag>addition</tag>
<tag>Calculator</tag>
<tag>debug_listener_messages</tag>
<tag>Regression</tag>
<tag>Sample</tag>
<status status="FAIL" starttime="20250305 15:09:48.473" endtime="20250305 15:09:48.473">Parent suite setup failed:
SessionNotCreatedException: Message: session not created: This version of ChromeDriver only supports Chrome version 121
Current browser version is 133.0.6943.142 with binary path C:\Users\symphonylocal\AppData\Local\Google\Chrome\Application\chrome.exe
Stacktrace:
	GetHandleVerifier [0x00007FF60C7E5E42+3538674]
	(No symbol) [0x00007FF60C404C02]
	(No symbol) [0x00007FF60C2B5AEB]
	(No symbol) [0x00007FF60C2EC512]
	(No symbol) [0x00007FF60C2EB872]
	(No symbol) [0x00007FF60C2E5106]
	(No symbol) [0x00007FF60C2E21C8]
	(No symbol) [0x00007FF60C3294B9]
	(No symbol) [0x00007FF60C31EE53]
	(No symbol) [0x00007FF60C2EF514]
	(No symbol) [0x00007FF60C2F0631]
	GetHandleVerifier [0x00007FF60C816CAD+3738973]
	GetHandleVerifier [0x00007FF60C86C506+4089270]
	GetHandleVerifier [0x00007FF60C864823+4057299]
	GetHandleVerifier [0x00007FF60C535C49+720121]
	(No symbol) [0x00007FF60C41126F]
	(No symbol) [0x00007FF60C40C304]
	(No symbol) [0x00007FF60C40C432]
	(No symbol) [0x00007FF60C3FBD04]
	BaseThreadInitThunk [0x00007FF891497AC4+20]
	RtlUserThreadStart [0x00007FF8918CA8C1+33]
</status>
</test>
<test id="s1-s1-s1-t2" name="Subtraction is tested successfully" line="17">
<doc>Test to check if subraction of two number is successful</doc>
<tag>AAAA-125</tag>
<tag>Calculator</tag>
<tag>debug_listener_messages</tag>
<tag>Regression</tag>
<tag>Sample</tag>
<tag>subtraction</tag>
<status status="FAIL" starttime="20250305 15:09:48.475" endtime="20250305 15:09:48.475">Parent suite setup failed:
SessionNotCreatedException: Message: session not created: This version of ChromeDriver only supports Chrome version 121
Current browser version is 133.0.6943.142 with binary path C:\Users\symphonylocal\AppData\Local\Google\Chrome\Application\chrome.exe
Stacktrace:
	GetHandleVerifier [0x00007FF60C7E5E42+3538674]
	(No symbol) [0x00007FF60C404C02]
	(No symbol) [0x00007FF60C2B5AEB]
	(No symbol) [0x00007FF60C2EC512]
	(No symbol) [0x00007FF60C2EB872]
	(No symbol) [0x00007FF60C2E5106]
	(No symbol) [0x00007FF60C2E21C8]
	(No symbol) [0x00007FF60C3294B9]
	(No symbol) [0x00007FF60C31EE53]
	(No symbol) [0x00007FF60C2EF514]
	(No symbol) [0x00007FF60C2F0631]
	GetHandleVerifier [0x00007FF60C816CAD+3738973]
	GetHandleVerifier [0x00007FF60C86C506+4089270]
	GetHandleVerifier [0x00007FF60C864823+4057299]
	GetHandleVerifier [0x00007FF60C535C49+720121]
	(No symbol) [0x00007FF60C41126F]
	(No symbol) [0x00007FF60C40C304]
	(No symbol) [0x00007FF60C40C432]
	(No symbol) [0x00007FF60C3FBD04]
	BaseThreadInitThunk [0x00007FF891497AC4+20]
	RtlUserThreadStart [0x00007FF8918CA8C1+33]
</status>
</test>
<test id="s1-s1-s1-t3" name="Multiplication is tested successfully" line="24">
<doc>Test to check if multiplication of two number is successful</doc>
<tag>AAAA-125</tag>
<tag>Calculator</tag>
<tag>debug_listener_messages</tag>
<tag>multiplication</tag>
<tag>Regression</tag>
<tag>Sample</tag>
<status status="FAIL" starttime="20250305 15:09:48.476" endtime="20250305 15:09:48.477">Parent suite setup failed:
SessionNotCreatedException: Message: session not created: This version of ChromeDriver only supports Chrome version 121
Current browser version is 133.0.6943.142 with binary path C:\Users\symphonylocal\AppData\Local\Google\Chrome\Application\chrome.exe
Stacktrace:
	GetHandleVerifier [0x00007FF60C7E5E42+3538674]
	(No symbol) [0x00007FF60C404C02]
	(No symbol) [0x00007FF60C2B5AEB]
	(No symbol) [0x00007FF60C2EC512]
	(No symbol) [0x00007FF60C2EB872]
	(No symbol) [0x00007FF60C2E5106]
	(No symbol) [0x00007FF60C2E21C8]
	(No symbol) [0x00007FF60C3294B9]
	(No symbol) [0x00007FF60C31EE53]
	(No symbol) [0x00007FF60C2EF514]
	(No symbol) [0x00007FF60C2F0631]
	GetHandleVerifier [0x00007FF60C816CAD+3738973]
	GetHandleVerifier [0x00007FF60C86C506+4089270]
	GetHandleVerifier [0x00007FF60C864823+4057299]
	GetHandleVerifier [0x00007FF60C535C49+720121]
	(No symbol) [0x00007FF60C41126F]
	(No symbol) [0x00007FF60C40C304]
	(No symbol) [0x00007FF60C40C432]
	(No symbol) [0x00007FF60C3FBD04]
	BaseThreadInitThunk [0x00007FF891497AC4+20]
	RtlUserThreadStart [0x00007FF8918CA8C1+33]
</status>
</test>
<test id="s1-s1-s1-t4" name="Division is tested successfully" line="31">
<doc>Test to check if division of two number is successful</doc>
<tag>AAAA-125</tag>
<tag>Calculator</tag>
<tag>debug_listener_messages</tag>
<tag>division</tag>
<tag>Regression</tag>
<tag>Sample</tag>
<status status="FAIL" starttime="20250305 15:09:48.477" endtime="20250305 15:09:48.478">Parent suite setup failed:
SessionNotCreatedException: Message: session not created: This version of ChromeDriver only supports Chrome version 121
Current browser version is 133.0.6943.142 with binary path C:\Users\symphonylocal\AppData\Local\Google\Chrome\Application\chrome.exe
Stacktrace:
	GetHandleVerifier [0x00007FF60C7E5E42+3538674]
	(No symbol) [0x00007FF60C404C02]
	(No symbol) [0x00007FF60C2B5AEB]
	(No symbol) [0x00007FF60C2EC512]
	(No symbol) [0x00007FF60C2EB872]
	(No symbol) [0x00007FF60C2E5106]
	(No symbol) [0x00007FF60C2E21C8]
	(No symbol) [0x00007FF60C3294B9]
	(No symbol) [0x00007FF60C31EE53]
	(No symbol) [0x00007FF60C2EF514]
	(No symbol) [0x00007FF60C2F0631]
	GetHandleVerifier [0x00007FF60C816CAD+3738973]
	GetHandleVerifier [0x00007FF60C86C506+4089270]
	GetHandleVerifier [0x00007FF60C864823+4057299]
	GetHandleVerifier [0x00007FF60C535C49+720121]
	(No symbol) [0x00007FF60C41126F]
	(No symbol) [0x00007FF60C40C304]
	(No symbol) [0x00007FF60C40C432]
	(No symbol) [0x00007FF60C3FBD04]
	BaseThreadInitThunk [0x00007FF891497AC4+20]
	RtlUserThreadStart [0x00007FF8918CA8C1+33]
</status>
</test>
<test id="s1-s1-s1-t5" name="Division by Zero" line="38">
<doc>Test to check if division of a number by zero is possible</doc>
<tag>AAAA-125</tag>
<tag>Calculator</tag>
<tag>debug_listener_messages</tag>
<tag>divide_by_zero</tag>
<tag>Regression</tag>
<tag>Sample</tag>
<status status="FAIL" starttime="20250305 15:09:48.479" endtime="20250305 15:09:48.479">Parent suite setup failed:
SessionNotCreatedException: Message: session not created: This version of ChromeDriver only supports Chrome version 121
Current browser version is 133.0.6943.142 with binary path C:\Users\symphonylocal\AppData\Local\Google\Chrome\Application\chrome.exe
Stacktrace:
	GetHandleVerifier [0x00007FF60C7E5E42+3538674]
	(No symbol) [0x00007FF60C404C02]
	(No symbol) [0x00007FF60C2B5AEB]
	(No symbol) [0x00007FF60C2EC512]
	(No symbol) [0x00007FF60C2EB872]
	(No symbol) [0x00007FF60C2E5106]
	(No symbol) [0x00007FF60C2E21C8]
	(No symbol) [0x00007FF60C3294B9]
	(No symbol) [0x00007FF60C31EE53]
	(No symbol) [0x00007FF60C2EF514]
	(No symbol) [0x00007FF60C2F0631]
	GetHandleVerifier [0x00007FF60C816CAD+3738973]
	GetHandleVerifier [0x00007FF60C86C506+4089270]
	GetHandleVerifier [0x00007FF60C864823+4057299]
	GetHandleVerifier [0x00007FF60C535C49+720121]
	(No symbol) [0x00007FF60C41126F]
	(No symbol) [0x00007FF60C40C304]
	(No symbol) [0x00007FF60C40C432]
	(No symbol) [0x00007FF60C3FBD04]
	BaseThreadInitThunk [0x00007FF891497AC4+20]
	RtlUserThreadStart [0x00007FF8918CA8C1+33]
</status>
</test>
<test id="s1-s1-s1-t6" name="Multiplication of float numbers" line="45">
<doc>Test to check if multiplication of two float numbers is successful</doc>
<tag>AAAA-125</tag>
<tag>Calculator</tag>
<tag>debug_listener_messages</tag>
<tag>float_multiplication</tag>
<tag>Regression</tag>
<tag>Sample</tag>
<status status="FAIL" starttime="20250305 15:09:48.480" endtime="20250305 15:09:48.480">Parent suite setup failed:
SessionNotCreatedException: Message: session not created: This version of ChromeDriver only supports Chrome version 121
Current browser version is 133.0.6943.142 with binary path C:\Users\symphonylocal\AppData\Local\Google\Chrome\Application\chrome.exe
Stacktrace:
	GetHandleVerifier [0x00007FF60C7E5E42+3538674]
	(No symbol) [0x00007FF60C404C02]
	(No symbol) [0x00007FF60C2B5AEB]
	(No symbol) [0x00007FF60C2EC512]
	(No symbol) [0x00007FF60C2EB872]
	(No symbol) [0x00007FF60C2E5106]
	(No symbol) [0x00007FF60C2E21C8]
	(No symbol) [0x00007FF60C3294B9]
	(No symbol) [0x00007FF60C31EE53]
	(No symbol) [0x00007FF60C2EF514]
	(No symbol) [0x00007FF60C2F0631]
	GetHandleVerifier [0x00007FF60C816CAD+3738973]
	GetHandleVerifier [0x00007FF60C86C506+4089270]
	GetHandleVerifier [0x00007FF60C864823+4057299]
	GetHandleVerifier [0x00007FF60C535C49+720121]
	(No symbol) [0x00007FF60C41126F]
	(No symbol) [0x00007FF60C40C304]
	(No symbol) [0x00007FF60C40C432]
	(No symbol) [0x00007FF60C3FBD04]
	BaseThreadInitThunk [0x00007FF891497AC4+20]
	RtlUserThreadStart [0x00007FF8918CA8C1+33]
</status>
</test>
<test id="s1-s1-s1-t7" name="Clear of state" line="52">
<doc>Test to check if clear of state is possible</doc>
<tag>AAAA-125</tag>
<tag>Calculator</tag>
<tag>clear_state</tag>
<tag>debug_listener_messages</tag>
<tag>Regression</tag>
<tag>Sample</tag>
<status status="FAIL" starttime="20250305 15:09:48.481" endtime="20250305 15:09:48.481">Parent suite setup failed:
SessionNotCreatedException: Message: session not created: This version of ChromeDriver only supports Chrome version 121
Current browser version is 133.0.6943.142 with binary path C:\Users\symphonylocal\AppData\Local\Google\Chrome\Application\chrome.exe
Stacktrace:
	GetHandleVerifier [0x00007FF60C7E5E42+3538674]
	(No symbol) [0x00007FF60C404C02]
	(No symbol) [0x00007FF60C2B5AEB]
	(No symbol) [0x00007FF60C2EC512]
	(No symbol) [0x00007FF60C2EB872]
	(No symbol) [0x00007FF60C2E5106]
	(No symbol) [0x00007FF60C2E21C8]
	(No symbol) [0x00007FF60C3294B9]
	(No symbol) [0x00007FF60C31EE53]
	(No symbol) [0x00007FF60C2EF514]
	(No symbol) [0x00007FF60C2F0631]
	GetHandleVerifier [0x00007FF60C816CAD+3738973]
	GetHandleVerifier [0x00007FF60C86C506+4089270]
	GetHandleVerifier [0x00007FF60C864823+4057299]
	GetHandleVerifier [0x00007FF60C535C49+720121]
	(No symbol) [0x00007FF60C41126F]
	(No symbol) [0x00007FF60C40C304]
	(No symbol) [0x00007FF60C40C432]
	(No symbol) [0x00007FF60C3FBD04]
	BaseThreadInitThunk [0x00007FF891497AC4+20]
	RtlUserThreadStart [0x00007FF8918CA8C1+33]
</status>
</test>
<test id="s1-s1-s1-t8" name="Negation of number sign" line="59">
<doc>Test to check if negation of number is possible</doc>
<tag>AAAA-125</tag>
<tag>Calculator</tag>
<tag>debug_listener_messages</tag>
<tag>number_negation</tag>
<tag>Regression</tag>
<tag>Sample</tag>
<status status="FAIL" starttime="20250305 15:09:48.482" endtime="20250305 15:09:48.482">Parent suite setup failed:
SessionNotCreatedException: Message: session not created: This version of ChromeDriver only supports Chrome version 121
Current browser version is 133.0.6943.142 with binary path C:\Users\symphonylocal\AppData\Local\Google\Chrome\Application\chrome.exe
Stacktrace:
	GetHandleVerifier [0x00007FF60C7E5E42+3538674]
	(No symbol) [0x00007FF60C404C02]
	(No symbol) [0x00007FF60C2B5AEB]
	(No symbol) [0x00007FF60C2EC512]
	(No symbol) [0x00007FF60C2EB872]
	(No symbol) [0x00007FF60C2E5106]
	(No symbol) [0x00007FF60C2E21C8]
	(No symbol) [0x00007FF60C3294B9]
	(No symbol) [0x00007FF60C31EE53]
	(No symbol) [0x00007FF60C2EF514]
	(No symbol) [0x00007FF60C2F0631]
	GetHandleVerifier [0x00007FF60C816CAD+3738973]
	GetHandleVerifier [0x00007FF60C86C506+4089270]
	GetHandleVerifier [0x00007FF60C864823+4057299]
	GetHandleVerifier [0x00007FF60C535C49+720121]
	(No symbol) [0x00007FF60C41126F]
	(No symbol) [0x00007FF60C40C304]
	(No symbol) [0x00007FF60C40C432]
	(No symbol) [0x00007FF60C3FBD04]
	BaseThreadInitThunk [0x00007FF891497AC4+20]
	RtlUserThreadStart [0x00007FF8918CA8C1+33]
</status>
</test>
<test id="s1-s1-s1-t9" name="Large number addition" line="66">
<doc>Test to check addition of large number is successful</doc>
<tag>AAAA-125</tag>
<tag>Calculator</tag>
<tag>debug_listener_messages</tag>
<tag>large_number_add</tag>
<tag>Regression</tag>
<tag>Sample</tag>
<status status="FAIL" starttime="20250305 15:09:48.483" endtime="20250305 15:09:48.483">Parent suite setup failed:
SessionNotCreatedException: Message: session not created: This version of ChromeDriver only supports Chrome version 121
Current browser version is 133.0.6943.142 with binary path C:\Users\symphonylocal\AppData\Local\Google\Chrome\Application\chrome.exe
Stacktrace:
	GetHandleVerifier [0x00007FF60C7E5E42+3538674]
	(No symbol) [0x00007FF60C404C02]
	(No symbol) [0x00007FF60C2B5AEB]
	(No symbol) [0x00007FF60C2EC512]
	(No symbol) [0x00007FF60C2EB872]
	(No symbol) [0x00007FF60C2E5106]
	(No symbol) [0x00007FF60C2E21C8]
	(No symbol) [0x00007FF60C3294B9]
	(No symbol) [0x00007FF60C31EE53]
	(No symbol) [0x00007FF60C2EF514]
	(No symbol) [0x00007FF60C2F0631]
	GetHandleVerifier [0x00007FF60C816CAD+3738973]
	GetHandleVerifier [0x00007FF60C86C506+4089270]
	GetHandleVerifier [0x00007FF60C864823+4057299]
	GetHandleVerifier [0x00007FF60C535C49+720121]
	(No symbol) [0x00007FF60C41126F]
	(No symbol) [0x00007FF60C40C304]
	(No symbol) [0x00007FF60C40C432]
	(No symbol) [0x00007FF60C3FBD04]
	BaseThreadInitThunk [0x00007FF891497AC4+20]
	RtlUserThreadStart [0x00007FF8918CA8C1+33]
</status>
</test>
<test id="s1-s1-s1-t10" name="Large number multiplication" line="73">
<doc>Test to check multiplication of large number is successful</doc>
<tag>AAAA-125</tag>
<tag>Calculator</tag>
<tag>debug_listener_messages</tag>
<tag>large_number_multiply</tag>
<tag>Regression</tag>
<tag>Sample</tag>
<status status="FAIL" starttime="20250305 15:09:48.484" endtime="20250305 15:09:48.485">Parent suite setup failed:
SessionNotCreatedException: Message: session not created: This version of ChromeDriver only supports Chrome version 121
Current browser version is 133.0.6943.142 with binary path C:\Users\symphonylocal\AppData\Local\Google\Chrome\Application\chrome.exe
Stacktrace:
	GetHandleVerifier [0x00007FF60C7E5E42+3538674]
	(No symbol) [0x00007FF60C404C02]
	(No symbol) [0x00007FF60C2B5AEB]
	(No symbol) [0x00007FF60C2EC512]
	(No symbol) [0x00007FF60C2EB872]
	(No symbol) [0x00007FF60C2E5106]
	(No symbol) [0x00007FF60C2E21C8]
	(No symbol) [0x00007FF60C3294B9]
	(No symbol) [0x00007FF60C31EE53]
	(No symbol) [0x00007FF60C2EF514]
	(No symbol) [0x00007FF60C2F0631]
	GetHandleVerifier [0x00007FF60C816CAD+3738973]
	GetHandleVerifier [0x00007FF60C86C506+4089270]
	GetHandleVerifier [0x00007FF60C864823+4057299]
	GetHandleVerifier [0x00007FF60C535C49+720121]
	(No symbol) [0x00007FF60C41126F]
	(No symbol) [0x00007FF60C40C304]
	(No symbol) [0x00007FF60C40C432]
	(No symbol) [0x00007FF60C3FBD04]
	BaseThreadInitThunk [0x00007FF891497AC4+20]
	RtlUserThreadStart [0x00007FF8918CA8C1+33]
</status>
</test>
<doc>Tests Calculator app functionality. Jira-ID: AAAA-125</doc>
<status status="FAIL" starttime="20250305 15:09:48.472" endtime="20250305 15:09:48.486">Parent suite setup failed:
SessionNotCreatedException: Message: session not created: This version of ChromeDriver only supports Chrome version 121
Current browser version is 133.0.6943.142 with binary path C:\Users\symphonylocal\AppData\Local\Google\Chrome\Application\chrome.exe
Stacktrace:
	GetHandleVerifier [0x00007FF60C7E5E42+3538674]
	(No symbol) [0x00007FF60C404C02]
	(No symbol) [0x00007FF60C2B5AEB]
	(No symbol) [0x00007FF60C2EC512]
	(No symbol) [0x00007FF60C2EB872]
	(No symbol) [0x00007FF60C2E5106]
	(No symbol) [0x00007FF60C2E21C8]
	(No symbol) [0x00007FF60C3294B9]
	(No symbol) [0x00007FF60C31EE53]
	(No symbol) [0x00007FF60C2EF514]
	(No symbol) [0x00007FF60C2F0631]
	GetHandleVerifier [0x00007FF60C816CAD+3738973]
	GetHandleVerifier [0x00007FF60C86C506+4089270]
	GetHandleVerifier [0x00007FF60C864823+4057299]
	GetHandleVerifier [0x00007FF60C535C49+720121]
	(No symbol) [0x00007FF60C41126F]
	(No symbol) [0x00007FF60C40C304]
	(No symbol) [0x00007FF60C40C432]
	(No symbol) [0x00007FF60C3FBD04]
	BaseThreadInitThunk [0x00007FF891497AC4+20]
	RtlUserThreadStart [0x00007FF8918CA8C1+33]
</status>
</suite>
<doc>Sample Tests</doc>
<status status="FAIL" starttime="20250305 15:09:48.470" endtime="20250305 15:09:50.548">Parent suite setup failed:
SessionNotCreatedException: Message: session not created: This version of ChromeDriver only supports Chrome version 121
Current browser version is 133.0.6943.142 with binary path C:\Users\symphonylocal\AppData\Local\Google\Chrome\Application\chrome.exe
Stacktrace:
	GetHandleVerifier [0x00007FF60C7E5E42+3538674]
	(No symbol) [0x00007FF60C404C02]
	(No symbol) [0x00007FF60C2B5AEB]
	(No symbol) [0x00007FF60C2EC512]
	(No symbol) [0x00007FF60C2EB872]
	(No symbol) [0x00007FF60C2E5106]
	(No symbol) [0x00007FF60C2E21C8]
	(No symbol) [0x00007FF60C3294B9]
	(No symbol) [0x00007FF60C31EE53]
	(No symbol) [0x00007FF60C2EF514]
	(No symbol) [0x00007FF60C2F0631]
	GetHandleVerifier [0x00007FF60C816CAD+3738973]
	GetHandleVerifier [0x00007FF60C86C506+4089270]
	GetHandleVerifier [0x00007FF60C864823+4057299]
	GetHandleVerifier [0x00007FF60C535C49+720121]
	(No symbol) [0x00007FF60C41126F]
	(No symbol) [0x00007FF60C40C304]
	(No symbol) [0x00007FF60C40C432]
	(No symbol) [0x00007FF60C3FBD04]
	BaseThreadInitThunk [0x00007FF891497AC4+20]
	RtlUserThreadStart [0x00007FF8918CA8C1+33]
</status>
</suite>
<doc>Testing functionality through Robot Framework</doc>
<meta name="test_environment">Dev</meta>
<meta name="test_freeze_dependencies">astroid==3.3.8,attrs==25.1.0,beautifulsoup4==4.13.3,bs4==0.0.2,certifi==2025.1.31,cffi==1.17.1,chardet==5.2.0,charset-normalizer==3.4.1,click==8.1.8,colorama==0.4.6,cryptography==44.0.2,defusedxml==0.7.1,dill==0.3.9,docutils==0.21.2,et_xmlfile==2.0.0,exceptiongroup==1.2.2,gitdb==4.0.12,GitPython==3.1.44,h11==0.14.0,idna==3.10,isort==6.0.1,Jinja2==3.1.5,jira==3.8.0,jsonpath-ng==1.7.0,jsonschema==4.23.0,jsonschema-specifications==2024.10.1,lazy-object-proxy==1.10.0,lxml==5.3.1,markdown-it-py==3.0.0,MarkupSafe==3.0.2,mccabe==0.7.0,mdurl==0.1.2,natsort==8.4.0,oauthlib==3.2.2,openpyxl==3.1.5,outcome==1.3.0.post0,packaging==24.2,pathspec==0.11.2,pillow==11.1.0,pip==25.0.1,platformdirs==4.3.6,ply==3.11,pycparser==2.22,Pygments==2.19.1,pylint==3.3.4,PySocks==1.7.1,pywin32==308,PyYAML==6.0.2,referencing==0.36.2,requests==2.32.3,requests-oauthlib==2.0.0,requests-toolbelt==1.0.0,rich==13.9.4,rich-click==1.6.1,robotframework==6.0.2,robotframework-datadriver==1.9.0,robotframework-excellib==2.0.1,robotframework-jsonlibrary==0.5,robotframework-pabot==2.16.0,robotframework-pythonlibcore==4.2.0,robotframework-requests==0.9.2,robotframework-sapguilibrary==1.1,robotframework-seleniumlibrary==5.1.3,robotframework-stacktrace==0.4.1,robotframework-tidy==4.5.0,rpds-py==0.23.1,selenium==4.9.1,setuptools==75.8.2,smmap==5.0.2,sniffio==1.3.1,sortedcontainers==2.4.0,soupsieve==2.6,tomli==2.0.2,tomlkit==0.13.2,trio==0.29.0,trio-websocket==0.12.2,typing_extensions==4.12.2,urllib3==2.3.0,wheel==0.45.1,wrapt==1.17.2,wsproto==1.2.0</meta>
<status status="FAIL" starttime="20250305 15:09:38.041" endtime="20250305 15:09:50.550">Suite setup failed:
SessionNotCreatedException: Message: session not created: This version of ChromeDriver only supports Chrome version 121
Current browser version is 133.0.6943.142 with binary path C:\Users\symphonylocal\AppData\Local\Google\Chrome\Application\chrome.exe
Stacktrace:
	GetHandleVerifier [0x00007FF60C7E5E42+3538674]
	(No symbol) [0x00007FF60C404C02]
	(No symbol) [0x00007FF60C2B5AEB]
	(No symbol) [0x00007FF60C2EC512]
	(No symbol) [0x00007FF60C2EB872]
	(No symbol) [0x00007FF60C2E5106]
	(No symbol) [0x00007FF60C2E21C8]
	(No symbol) [0x00007FF60C3294B9]
	(No symbol) [0x00007FF60C31EE53]
	(No symbol) [0x00007FF60C2EF514]
	(No symbol) [0x00007FF60C2F0631]
	GetHandleVerifier [0x00007FF60C816CAD+3738973]
	GetHandleVerifier [0x00007FF60C86C506+4089270]
	GetHandleVerifier [0x00007FF60C864823+4057299]
	GetHandleVerifier [0x00007FF60C535C49+720121]
	(No symbol) [0x00007FF60C41126F]
	(No symbol) [0x00007FF60C40C304]
	(No symbol) [0x00007FF60C40C432]
	(No symbol) [0x00007FF60C3FBD04]
	BaseThreadInitThunk [0x00007FF891497AC4+20]
	RtlUserThreadStart [0x00007FF8918CA8C1+33]
</status>
</suite>
<statistics>
<total>
<stat pass="0" fail="10" skip="0">All Tests</stat>
</total>
<tag>
<stat pass="0" fail="10" skip="0">AAAA-125</stat>
<stat pass="0" fail="1" skip="0">addition</stat>
<stat pass="0" fail="10" skip="0">Calculator</stat>
<stat pass="0" fail="1" skip="0">clear_state</stat>
<stat pass="0" fail="10" skip="0">debug_listener_messages</stat>
<stat pass="0" fail="1" skip="0">divide_by_zero</stat>
<stat pass="0" fail="1" skip="0">division</stat>
<stat pass="0" fail="1" skip="0">float_multiplication</stat>
<stat pass="0" fail="1" skip="0">large_number_add</stat>
<stat pass="0" fail="1" skip="0">large_number_multiply</stat>
<stat pass="0" fail="1" skip="0">multiplication</stat>
<stat pass="0" fail="1" skip="0">number_negation</stat>
<stat pass="0" fail="10" skip="0">Regression</stat>
<stat pass="0" fail="10" skip="0">Sample</stat>
<stat pass="0" fail="1" skip="0">subtraction</stat>
</tag>
<suite>
<stat pass="0" fail="10" skip="0" id="s1" name="Tests">Tests</stat>
<stat pass="0" fail="10" skip="0" id="s1-s1" name="Sample">Tests.Sample</stat>
<stat pass="0" fail="10" skip="0" id="s1-s1-s1" name="AAAA-125 Calculator app tests">Tests.Sample.AAAA-125 Calculator app tests</stat>
</suite>
</statistics>
<errors>
</errors>
</robot>
