==============================================================================
Tests :: Testing functionality through Robot Framework                        
==============================================================================
  
  Traceback (most recent call last):
    ~~~~~~~~~~~~~~~~~~~~~~~~~~~~~~~~~~~~~~~~~~~~~~~~~~~~~~~~~~~~~~~~~~~~~~~~~~
    File  C:\Replay\PVH\Tests\__init__.robot:3
      Setup highest level suite    
    ~~~~~~~~~~~~~~~~~~~~~~~~~~~~~~~~~~~~~~~~~~~~~~~~~~~~~~~~~~~~~~~~~~~~~~~~~~
    File  C:\Replay\PVH\Tests\__init__.robot:12
      Setup linux execution    
    ~~~~~~~~~~~~~~~~~~~~~~~~~~~~~~~~~~~~~~~~~~~~~~~~~~~~~~~~~~~~~~~~~~~~~~~~~~
    File  C:\Replay\PVH\Tests\Support.robot:63
      Run Keyword If    ${web_test_check}    Setup Docker Execution Options
      |  ${web_test_check} = <Unable to define variable value>
    ~~~~~~~~~~~~~~~~~~~~~~~~~~~~~~~~~~~~~~~~~~~~~~~~~~~~~~~~~~~~~~~~~~~~~~~~~~
    File  None:0
      Setup Docker Execution Options    
    ~~~~~~~~~~~~~~~~~~~~~~~~~~~~~~~~~~~~~~~~~~~~~~~~~~~~~~~~~~~~~~~~~~~~~~~~~~
    File  C:\Replay\PVH\Tests\Web\Support_Web.robot:32
      Setup Suite Metadata    ${browser}
      |  ${browser} = chrome (str)
    ~~~~~~~~~~~~~~~~~~~~~~~~~~~~~~~~~~~~~~~~~~~~~~~~~~~~~~~~~~~~~~~~~~~~~~~~~~
    File  C:\Replay\PVH\Tests\Web\Support_Web.robot:26
      Get Browser Metadata    browser=${browser}
      |  browser=${browser} = browser=chrome (str)
______________________________________________________________________________
Tests.Sample :: Sample Tests                                                  
==============================================================================
Tests.Sample.AAAA-124 User Story to test selenium navigation :: This is a s...
==============================================================================
Visualization is received correctly :: Test to check Visualization... | FAIL |
Parent suite setup failed:
SessionNotCreatedException: Message: session not created: This version of ChromeDriver only supports Chrome version 121
Current browser version is 133.0.6943.142 with binary path C:\Users\symphonylocal\AppData\Local\Google\Chrome\Application\chrome.exe
Stacktrace:
	GetHandleVerifier [0x00007FF60C7E5E42+3538674]
	(No symbol) [0x00007FF60C404C02]
	(No symbol) [0x00007FF60C2B5AEB]
	(No symbol) [0x00007FF60C2EC512]
	(No symbol) [0x00007FF60C2EB872]
	(No symbol) [0x00007FF60C2E5106]
	(No symbol) [0x00007FF60C2E21C8]
	(No symbol) [0x00007FF60C3294B9]
	(No symbol) [0x00007FF60C31EE53]
	(No symbol) [0x00007FF60C2EF514]
	(No symbol) [0x00007FF60C2F0631]
	GetHandleVerifier [0x00007FF60C816CAD+3738973]
	GetHandleVerifier [0x00007FF60C86C506+4089270]
	GetHandleVerifier [0x00007FF60C864823+4057299]
	GetHandleVerifier [0x00007FF60C535C49+720121]
	(No symbol) [0x00007FF60C41126F]
	(No symbol) [0x00007FF60C40C304]
	(No symbol) [0x00007FF60C40C432]
	(No symbol) [0x00007FF60C3FBD04]
	BaseThreadInitThunk [0x00007FF891497AC4+20]
	RtlUserThreadStart [0x00007FF8918CA8C1+33]
------------------------------------------------------------------------------
Tests.Sample.AAAA-124 User Story to test selenium navigation :: Th... | FAIL |
Parent suite setup failed:
SessionNotCreatedException: Message: session not created: This version of ChromeDriver only supports Chrome version 121
Current browser version is 133.0.6943.142 with binary path C:\Users\symphonylocal\AppData\Local\Google\Chrome\Application\chrome.exe
Stacktrace:
	GetHandleVerifier [0x00007FF60C7E5E42+3538674]
	(No symbol) [0x00007FF60C404C02]
	(No symbol) [0x00007FF60C2B5AEB]
	(No symbol) [0x00007FF60C2EC512]
	(No symbol) [0x00007FF60C2EB872]
	(No symbol) [0x00007FF60C2E5106]
	(No symbol) [0x00007FF60C2E21C8]
	(No symbol) [0x00007FF60C3294B9]
	(No symbol) [0x00007FF60C31EE53]
	(No symbol) [0x00007FF60C2EF514]
	(No symbol) [0x00007FF60C2F0631]
	GetHandleVerifier [0x00007FF60C816CAD+3738973]
	GetHandleVerifier [0x00007FF60C86C506+4089270]
	GetHandleVerifier [0x00007FF60C864823+4057299]
	GetHandleVerifier [0x00007FF60C535C49+720121]
	(No symbol) [0x00007FF60C41126F]
	(No symbol) [0x00007FF60C40C304]
	(No symbol) [0x00007FF60C40C432]
	(No symbol) [0x00007FF60C3FBD04]
	BaseThreadInitThunk [0x00007FF891497AC4+20]
	RtlUserThreadStart [0x00007FF8918CA8C1+33]


1 test, 0 passed, 1 failed
==============================================================================
Tests.Sample :: Sample Tests                                          | FAIL |
Parent suite setup failed:
SessionNotCreatedException: Message: session not created: This version of ChromeDriver only supports Chrome version 121
Current browser version is 133.0.6943.142 with binary path C:\Users\symphonylocal\AppData\Local\Google\Chrome\Application\chrome.exe
Stacktrace:
	GetHandleVerifier [0x00007FF60C7E5E42+3538674]
	(No symbol) [0x00007FF60C404C02]
	(No symbol) [0x00007FF60C2B5AEB]
	(No symbol) [0x00007FF60C2EC512]
	(No symbol) [0x00007FF60C2EB872]
	(No symbol) [0x00007FF60C2E5106]
	(No symbol) [0x00007FF60C2E21C8]
	(No symbol) [0x00007FF60C3294B9]
	(No symbol) [0x00007FF60C31EE53]
	(No symbol) [0x00007FF60C2EF514]
	(No symbol) [0x00007FF60C2F0631]
	GetHandleVerifier [0x00007FF60C816CAD+3738973]
	GetHandleVerifier [0x00007FF60C86C506+4089270]
	GetHandleVerifier [0x00007FF60C864823+4057299]
	GetHandleVerifier [0x00007FF60C535C49+720121]
	(No symbol) [0x00007FF60C41126F]
	(No symbol) [0x00007FF60C40C304]
	(No symbol) [0x00007FF60C40C432]
	(No symbol) [0x00007FF60C3FBD04]
	BaseThreadInitThunk [0x00007FF891497AC4+20]
	RtlUserThreadStart [0x00007FF8918CA8C1+33]


1 test, 0 passed, 1 failed
==============================================================================
Tests :: Testing functionality through Robot Framework                | FAIL |
Suite setup failed:
SessionNotCreatedException: Message: session not created: This version of ChromeDriver only supports Chrome version 121
Current browser version is 133.0.6943.142 with binary path C:\Users\symphonylocal\AppData\Local\Google\Chrome\Application\chrome.exe
Stacktrace:
	GetHandleVerifier [0x00007FF60C7E5E42+3538674]
	(No symbol) [0x00007FF60C404C02]
	(No symbol) [0x00007FF60C2B5AEB]
	(No symbol) [0x00007FF60C2EC512]
	(No symbol) [0x00007FF60C2EB872]
	(No symbol) [0x00007FF60C2E5106]
	(No symbol) [0x00007FF60C2E21C8]
	(No symbol) [0x00007FF60C3294B9]
	(No symbol) [0x00007FF60C31EE53]
	(No symbol) [0x00007FF60C2EF514]
	(No symbol) [0x00007FF60C2F0631]
	GetHandleVerifier [0x00007FF60C816CAD+3738973]
	GetHandleVerifier [0x00007FF60C86C506+4089270]
	GetHandleVerifier [0x00007FF60C864823+4057299]
	GetHandleVerifier [0x00007FF60C535C49+720121]
	(No symbol) [0x00007FF60C41126F]
	(No symbol) [0x00007FF60C40C304]
	(No symbol) [0x00007FF60C40C432]
	(No symbol) [0x00007FF60C3FBD04]
	BaseThreadInitThunk [0x00007FF891497AC4+20]
	RtlUserThreadStart [0x00007FF8918CA8C1+33]


1 test, 0 passed, 1 failed
==============================================================================
Output:  C:\Replay\PVH\Output\pabot_results\1\Output.xml
