<?xml version="1.0" encoding="utf-8"?>
<robot generated="20250307 15:16:24.225" generator="Rebot 6.0.2 (Python 3.13.2 on win32)" rpa="false" schemaversion="3">
 <suite id="s1" name="Tests" source="C:\Replay\PVH\Tests">
  <kw name="Setup highest level suite" type="SETUP">
   <kw library="BuiltIn" name="Set Variable">
    <var>
     ${d.test_server}
    </var>
    <arg>
     ${test_server}
    </arg>
    <doc>
     Returns the given values which can then be assigned to a variables.
    </doc>
    <msg level="INFO" timestamp="20250307 15:15:46.488">
     ${d.test_server} = Dev
    </msg>
    <status endtime="20250307 15:15:46.488" starttime="20250307 15:15:46.487" status="PASS"/>
   </kw>
   <kw library="Support" name="Reset screenshot count variable">
    <kw library="BuiltIn" name="Set Variable">
     <var>
      ${screenshotCount}
     </var>
     <arg>
      ${PABOTQUEUEINDEX}_1
     </arg>
     <doc>
      Returns the given values which can then be assigned to a variables.
     </doc>
     <msg level="INFO" timestamp="20250307 15:15:46.489">
      ${screenshotCount} = 0_1
     </msg>
     <status endtime="20250307 15:15:46.489" starttime="20250307 15:15:46.489" status="PASS"/>
    </kw>
    <kw library="BuiltIn" name="Set Global Variable">
     <arg>
      ${screenshotCount}
     </arg>
     <doc>
      Makes a variable available globally in all tests and suites.
     </doc>
     <msg level="INFO" timestamp="20250307 15:15:46.490">
      ${screenshotCount} = 0_1
     </msg>
     <status endtime="20250307 15:15:46.490" starttime="20250307 15:15:46.489" status="PASS"/>
    </kw>
    <kw library="Support" name="Set up screenshot directory">
     <kw library="OperatingSystem" name="Create Directory">
      <arg>
       ${OUTPUTDIR}${/}${wvar('screenshot_dir')}
      </arg>
      <doc>
       Creates the specified directory.
      </doc>
      <msg level="INFO" timestamp="20250307 15:15:46.491">
       Web.Dev.screenshot_dir: Screenshot
      </msg>
      <msg html="true" level="INFO" timestamp="20250307 15:15:46.493">
       Created directory '&lt;a href="file://C:\Replay\PVH\Output\d4a85e36-a3bc-409e-bba8-e24ec76acb92\pabot_results\0\Screenshot"&gt;C:\Replay\PVH\Output\d4a85e36-a3bc-409e-bba8-e24ec76acb92\pabot_results\0\Screenshot&lt;/a&gt;'.
      </msg>
      <status endtime="20250307 15:15:46.493" starttime="20250307 15:15:46.490" status="PASS"/>
     </kw>
     <status endtime="20250307 15:15:46.493" starttime="20250307 15:15:46.490" status="PASS"/>
    </kw>
    <status endtime="20250307 15:15:46.493" starttime="20250307 15:15:46.488" status="PASS"/>
   </kw>
   <kw library="BuiltIn" name="Set Global Variable">
    <arg>
     ${screenshot_taking}
    </arg>
    <arg>
     ${True}
    </arg>
    <doc>
     Makes a variable available globally in all tests and suites.
    </doc>
    <msg level="INFO" timestamp="20250307 15:15:46.494">
     ${screenshot_taking} = True
    </msg>
    <status endtime="20250307 15:15:46.494" starttime="20250307 15:15:46.493" status="PASS"/>
   </kw>
   <kw library="Support" name="Setup linux execution">
    <kw library="BuiltIn" name="Run Keyword And Return Status">
     <var>
      ${web_test_check}
     </var>
     <arg>
      Variable Should Exist
     </arg>
     <arg>
      ${web_test}
     </arg>
     <doc>
      Runs the given keyword with given arguments and returns the status as a Boolean value.
     </doc>
     <kw library="BuiltIn" name="Variable Should Exist">
      <arg>
       ${web_test}
      </arg>
      <doc>
       Fails unless the given variable exists within the current scope.
      </doc>
      <status endtime="20250307 15:15:46.495" starttime="20250307 15:15:46.494" status="PASS"/>
     </kw>
     <msg level="INFO" timestamp="20250307 15:15:46.495">
      ${web_test_check} = True
     </msg>
     <status endtime="20250307 15:15:46.495" starttime="20250307 15:15:46.494" status="PASS"/>
    </kw>
    <kw library="BuiltIn" name="Run Keyword If">
     <arg>
      ${web_test_check}
     </arg>
     <arg>
      Setup Docker Execution Options
     </arg>
     <doc>
      Runs the given keyword with the given arguments, if ``condition`` is true.
     </doc>
     <kw library="Support_Web" name="Setup Docker Execution Options">
      <kw library="Support_Web" name="Setup Suite Metadata">
       <arg>
        ${browser}
       </arg>
       <kw library="BrowserSupport" name="Get Browser Metadata">
        <var>
         &amp;{browser_information}
        </var>
        <arg>
         browser=${browser}
        </arg>
        <doc>
         Fetches browser metadata information
:param browser: Name of the browser for which information is fetched
:param reload: Re-read the metadata based on the browser
:return: Browser metadata information, dict of format
            {"browser_version": browser version value,
             "driver_version": driver version value}
        </doc>
        <msg level="INFO" timestamp="20250307 15:15:51.960">
         &amp;{browser_information} = { browser_version=134.0.6998.36 | driver_version=134.0.6998.35  }
        </msg>
        <status endtime="20250307 15:15:51.961" starttime="20250307 15:15:46.496" status="PASS"/>
       </kw>
       <kw library="BuiltIn" name="Set Suite Metadata">
        <arg>
         test_browser_name
        </arg>
        <arg>
         ${browser}
        </arg>
        <doc>
         Sets metadata for the current test suite.
        </doc>
        <msg level="INFO" timestamp="20250307 15:15:51.961">
         Set suite metadata 'test_browser_name' to value 'chrome'.
        </msg>
        <status endtime="20250307 15:15:51.962" starttime="20250307 15:15:51.961" status="PASS"/>
       </kw>
       <kw library="BuiltIn" name="Set Suite Metadata">
        <arg>
         test_browser_version
        </arg>
        <arg>
         ${browser_information.browser_version}
        </arg>
        <doc>
         Sets metadata for the current test suite.
        </doc>
        <msg level="INFO" timestamp="20250307 15:15:51.963">
         Set suite metadata 'test_browser_version' to value '134.0.6998.36'.
        </msg>
        <status endtime="20250307 15:15:51.963" starttime="20250307 15:15:51.962" status="PASS"/>
       </kw>
       <kw library="BuiltIn" name="Set Suite Metadata">
        <arg>
         test_driver_version
        </arg>
        <arg>
         ${browser_information.driver_version}
        </arg>
        <doc>
         Sets metadata for the current test suite.
        </doc>
        <msg level="INFO" timestamp="20250307 15:15:51.964">
         Set suite metadata 'test_driver_version' to value '134.0.6998.35 '.
        </msg>
        <status endtime="20250307 15:15:51.964" starttime="20250307 15:15:51.963" status="PASS"/>
       </kw>
       <status endtime="20250307 15:15:51.964" starttime="20250307 15:15:46.495" status="PASS"/>
      </kw>
      <kw library="Support_Web" name="Setup Global Docker Execution Options">
       <kw library="BuiltIn" name="Set Global Variable">
        <arg>
         ${global_browser_options}
        </arg>
        <arg>
         None
        </arg>
        <doc>
         Makes a variable available globally in all tests and suites.
        </doc>
        <msg level="INFO" timestamp="20250307 15:15:51.966">
         ${global_browser_options} = None
        </msg>
        <status endtime="20250307 15:15:51.966" starttime="20250307 15:15:51.965" status="PASS"/>
       </kw>
       <kw library="OperatingSystem" name="Get Environment Variable">
        <var>
         ${docker_check}
        </var>
        <arg>
         EXECUTION_ENVIRONMENT
        </arg>
        <arg>
         not_found
        </arg>
        <doc>
         Returns the value of an environment variable with the given name.
        </doc>
        <msg level="INFO" timestamp="20250307 15:15:51.967">
         ${docker_check} = not_found
        </msg>
        <status endtime="20250307 15:15:51.967" starttime="20250307 15:15:51.966" status="PASS"/>
       </kw>
       <kw library="BuiltIn" name="Run Keyword And Return If">
        <arg>
         "${docker_check}"!="docker"
        </arg>
        <arg>
         Log
        </arg>
        <arg>
         Not executing on Docker
        </arg>
        <doc>
         Runs the specified keyword and returns from the enclosing user keyword.
        </doc>
        <kw library="BuiltIn" name="Log">
         <arg>
          Not executing on Docker
         </arg>
         <doc>
          Logs the given message with the given level.
         </doc>
         <msg level="INFO" timestamp="20250307 15:15:51.968">
          Not executing on Docker
         </msg>
         <status endtime="20250307 15:15:51.968" starttime="20250307 15:15:51.967" status="PASS"/>
        </kw>
        <msg level="INFO" timestamp="20250307 15:15:51.968">
         Returning from the enclosing user keyword.
        </msg>
        <status endtime="20250307 15:15:51.968" starttime="20250307 15:15:51.967" status="PASS"/>
       </kw>
       <kw library="BuiltIn" name="Create List">
        <var>
         @{options}
        </var>
        <arg>
         --headless
        </arg>
        <arg>
         --no-sandbox
        </arg>
        <arg>
         --disable-dev-shm-usage
        </arg>
        <doc>
         Returns a list containing given items.
        </doc>
        <status endtime="20250307 15:15:51.968" starttime="20250307 15:15:51.968" status="NOT RUN"/>
       </kw>
       <kw library="BuiltIn" name="Set Global Variable">
        <arg>
         @{docker_options}
        </arg>
        <arg>
         @{options}
        </arg>
        <doc>
         Makes a variable available globally in all tests and suites.
        </doc>
        <status endtime="20250307 15:15:51.968" starttime="20250307 15:15:51.968" status="NOT RUN"/>
       </kw>
       <status endtime="20250307 15:15:51.969" starttime="20250307 15:15:51.965" status="PASS"/>
      </kw>
      <kw library="Support_Web" name="Create Webdriver for chrome preferences">
       <kw library="Support_Web" name="Update Docker Execution Options">
        <var>
         ${list_prefs}
        </var>
        <arg>
         ${list_prefs}
        </arg>
        <kw library="BuiltIn" name="Run Keyword And Return Status">
         <var>
          ${docker_check}
         </var>
         <arg>
          Variable Should Exist
         </arg>
         <arg>
          ${docker_options}
         </arg>
         <doc>
          Runs the given keyword with given arguments and returns the status as a Boolean value.
         </doc>
         <kw library="BuiltIn" name="Variable Should Exist">
          <arg>
           ${docker_options}
          </arg>
          <doc>
           Fails unless the given variable exists within the current scope.
          </doc>
          <msg level="FAIL" timestamp="20250307 15:15:51.973">
           Variable '${docker_options}' does not exist.
          </msg>
          <status endtime="20250307 15:15:51.973" starttime="20250307 15:15:51.970" status="FAIL"/>
         </kw>
         <msg level="INFO" timestamp="20250307 15:15:51.973">
          ${docker_check} = False
         </msg>
         <status endtime="20250307 15:15:51.973" starttime="20250307 15:15:51.970" status="PASS"/>
        </kw>
        <kw library="BuiltIn" name="Get Length">
         <var>
          ${list_prefs_length}
         </var>
         <arg>
          ${list_prefs}
         </arg>
         <doc>
          Returns and logs the length of the given item as an integer.
         </doc>
         <msg level="INFO" timestamp="20250307 15:15:51.974">
          Length is 1
         </msg>
         <msg level="INFO" timestamp="20250307 15:15:51.974">
          ${list_prefs_length} = 1
         </msg>
         <status endtime="20250307 15:15:51.974" starttime="20250307 15:15:51.973" status="PASS"/>
        </kw>
        <kw library="BuiltIn" name="Run Keyword If">
         <var>
          ${list_prefs}
         </var>
         <arg>
          ${docker_check} and ${list_prefs_length}&gt;0 and ${list_prefs}[0] != []
         </arg>
         <arg>
          Combine Lists
         </arg>
         <arg>
          ${list_prefs}
         </arg>
         <arg>
          ${docker_options}
         </arg>
         <arg>
          ELSE IF
         </arg>
         <arg>
          ${docker_check}
         </arg>
         <arg>
          Set Variable
         </arg>
         <arg>
          ${docker_options}
         </arg>
         <arg>
          ELSE
         </arg>
         <arg>
          Set Variable
         </arg>
         <arg>
          ${list_prefs}
         </arg>
         <doc>
          Runs the given keyword with the given arguments, if ``condition`` is true.
         </doc>
         <kw library="BuiltIn" name="Set Variable">
          <arg>
           ${list_prefs}
          </arg>
          <doc>
           Returns the given values which can then be assigned to a variables.
          </doc>
          <status endtime="20250307 15:15:51.975" starttime="20250307 15:15:51.975" status="PASS"/>
         </kw>
         <msg level="INFO" timestamp="20250307 15:15:51.975">
          ${list_prefs} = [[]]
         </msg>
         <status endtime="20250307 15:15:51.975" starttime="20250307 15:15:51.974" status="PASS"/>
        </kw>
        <msg level="INFO" timestamp="20250307 15:15:51.975">
         ${list_prefs} = [[]]
        </msg>
        <status endtime="20250307 15:15:51.975" starttime="20250307 15:15:51.969" status="PASS"/>
       </kw>
       <kw library="Support_Web" name="Create Chrome Options for download preferences">
        <var>
         ${chrome_options}
        </var>
        <kw library="BuiltIn" name="Evaluate">
         <var>
          ${chrome_options}
         </var>
         <arg>
          sys.modules['selenium.webdriver'].ChromeOptions()
         </arg>
         <arg>
          sys
         </arg>
         <doc>
          Evaluates the given expression in Python and returns the result.
         </doc>
         <msg level="INFO" timestamp="20250307 15:15:51.976">
          ${chrome_options} = &lt;selenium.webdriver.chrome.options.Options object at 0x0000024D9A900A50&gt;
         </msg>
         <status endtime="20250307 15:15:51.976" starttime="20250307 15:15:51.976" status="PASS"/>
        </kw>
        <msg level="INFO" timestamp="20250307 15:15:51.976">
         ${chrome_options} = &lt;selenium.webdriver.chrome.options.Options object at 0x0000024D9A900A50&gt;
        </msg>
        <status endtime="20250307 15:15:51.977" starttime="20250307 15:15:51.975" status="PASS"/>
       </kw>
       <kw library="Support_Web" name="Update Preferences List">
        <arg>
         ${chrome_options}
        </arg>
        <arg>
         @{list_prefs}
        </arg>
        <kw library="BuiltIn" name="Convert To String">
         <var>
          ${string_prefs}
         </var>
         <arg>
          ${list_prefs}
         </arg>
         <doc>
          Converts the given item to a Unicode string.
         </doc>
         <msg level="INFO" timestamp="20250307 15:15:51.977">
          ${string_prefs} = [[]]
         </msg>
         <status endtime="20250307 15:15:51.977" starttime="20250307 15:15:51.977" status="PASS"/>
        </kw>
        <kw library="BuiltIn" name="Return From Keyword If">
         <arg>
          ${string_prefs} == [[]]
         </arg>
         <doc>
          Returns from the enclosing user keyword if ``condition`` is true.
         </doc>
         <msg level="INFO" timestamp="20250307 15:15:51.978">
          Returning from the enclosing user keyword.
         </msg>
         <status endtime="20250307 15:15:51.978" starttime="20250307 15:15:51.978" status="PASS"/>
        </kw>
        <for flavor="IN">
         <var>
          ${preference}
         </var>
         <value>
          @{list_prefs}
         </value>
         <iter>
          <var name="${preference}"/>
          <kw library="BuiltIn" name="Call Method">
           <arg>
            ${chrome_options}
           </arg>
           <arg>
            add_argument
           </arg>
           <arg>
            ${preference}
           </arg>
           <doc>
            Calls the named method of the given object with the provided arguments.
           </doc>
           <status endtime="20250307 15:15:51.979" starttime="20250307 15:15:51.979" status="NOT RUN"/>
          </kw>
          <status endtime="20250307 15:15:51.979" starttime="20250307 15:15:51.978" status="NOT RUN"/>
         </iter>
         <status endtime="20250307 15:15:51.979" starttime="20250307 15:15:51.978" status="NOT RUN"/>
        </for>
        <status endtime="20250307 15:15:51.979" starttime="20250307 15:15:51.977" status="PASS"/>
       </kw>
       <kw library="BuiltIn" name="Call Method">
        <arg>
         ${chrome_options}
        </arg>
        <arg>
         add_experimental_option
        </arg>
        <arg>
         prefs
        </arg>
        <arg>
         ${kw_prefs}
        </arg>
        <doc>
         Calls the named method of the given object with the provided arguments.
        </doc>
        <status endtime="20250307 15:15:51.980" starttime="20250307 15:15:51.980" status="PASS"/>
       </kw>
       <kw library="BuiltIn" name="Set Global Variable">
        <arg>
         ${global_browser_options}
        </arg>
        <arg>
         ${chrome options}
        </arg>
        <doc>
         Makes a variable available globally in all tests and suites.
        </doc>
        <msg level="INFO" timestamp="20250307 15:15:51.981">
         ${global_browser_options} = &lt;selenium.webdriver.chrome.options.Options object at 0x0000024D9A900A50&gt;
        </msg>
        <status endtime="20250307 15:15:51.981" starttime="20250307 15:15:51.980" status="PASS"/>
       </kw>
       <status endtime="20250307 15:15:51.981" starttime="20250307 15:15:51.969" status="PASS"/>
      </kw>
      <status endtime="20250307 15:15:51.981" starttime="20250307 15:15:46.495" status="PASS"/>
     </kw>
     <status endtime="20250307 15:15:51.981" starttime="20250307 15:15:46.495" status="PASS"/>
    </kw>
    <status endtime="20250307 15:15:51.981" starttime="20250307 15:15:46.494" status="PASS"/>
   </kw>
   <kw library="BuiltIn" name="Set Suite Metadata">
    <arg>
     environment
    </arg>
    <arg>
     ${test_server}
    </arg>
    <doc>
     Sets metadata for the current test suite.
    </doc>
    <msg level="INFO" timestamp="20250307 15:15:51.982">
     Set suite metadata 'environment' to value 'Dev'.
    </msg>
    <status endtime="20250307 15:15:51.982" starttime="20250307 15:15:51.981" status="PASS"/>
   </kw>
   <status endtime="20250307 15:15:51.982" starttime="20250307 15:15:46.487" status="PASS"/>
  </kw>
  <suite id="s1-s1" name="Test PVH-sm61" source="C:\Replay\PVH\Tests\Test_PVH-sm61.robot">
   <kw library="PVH-sm61" name="System Logon" type="SETUP">
    <kw library="Process" name="Start Process">
     <arg>
      ${symvar('SAP_SERVER')}
     </arg>
     <doc>
      Starts a new process on background.
     </doc>
     <msg level="INFO" timestamp="20250307 15:15:52.010">
      Sym.Dev.SAP_SERVER: C:\Program Files (x86)\SAP\FrontEnd\SAPGUI\saplogon.exe
     </msg>
     <msg level="INFO" timestamp="20250307 15:15:52.011">
      Starting process:
"C:\Program Files (x86)\SAP\FrontEnd\SAPGUI\saplogon.exe"
     </msg>
     <status endtime="20250307 15:15:52.023" starttime="20250307 15:15:52.009" status="PASS"/>
    </kw>
    <kw library="BuiltIn" name="Sleep">
     <arg>
      10s
     </arg>
     <doc>
      Pauses the test executed for the given time.
     </doc>
     <msg level="INFO" timestamp="20250307 15:16:02.025">
      Slept 10 seconds
     </msg>
     <status endtime="20250307 15:16:02.025" starttime="20250307 15:15:52.024" status="PASS"/>
    </kw>
    <kw library="SAP_Tcode_Library" name="Connect To Session">
     <doc>
      Connects to an open session SAP.
     </doc>
     <status endtime="20250307 15:16:02.053" starttime="20250307 15:16:02.025" status="PASS"/>
    </kw>
    <kw library="SAP_Tcode_Library" name="Open Connection">
     <arg>
      ${symvar('PVH_connection')}
     </arg>
     <doc>
      Opens a connection to the given connection name. Be sure to provide the full connection name, including the bracket part.
     </doc>
     <msg level="INFO" timestamp="20250307 15:16:02.054">
      Sym.Dev.PVH_connection: PFD
     </msg>
     <status endtime="20250307 15:16:02.729" starttime="20250307 15:16:02.054" status="PASS"/>
    </kw>
    <kw library="SAP_Tcode_Library" name="Input Text">
     <arg>
      wnd[0]/usr/txtRSYST-MANDT
     </arg>
     <arg>
      ${symvar('PVH_Client_Id')}
     </arg>
     <doc>
      Inserts the given text into the text field identified by locator.
Use keyword `input password` to insert a password in a text field.
     </doc>
     <msg level="INFO" timestamp="20250307 15:16:02.731">
      Sym.Dev.PVH_Client_Id: 000
     </msg>
     <msg level="INFO" timestamp="20250307 15:16:02.787">
      Typing text '000' into text field 'wnd[0]/usr/txtRSYST-MANDT'.
     </msg>
     <status endtime="20250307 15:16:02.787" starttime="20250307 15:16:02.729" status="PASS"/>
    </kw>
    <kw library="SAP_Tcode_Library" name="Input Text">
     <arg>
      wnd[0]/usr/txtRSYST-BNAME
     </arg>
     <arg>
      ${symvar('PVH_User_Name')}
     </arg>
     <doc>
      Inserts the given text into the text field identified by locator.
Use keyword `input password` to insert a password in a text field.
     </doc>
     <msg level="INFO" timestamp="20250307 15:16:02.788">
      Sym.Dev.PVH_User_Name: DDIC
     </msg>
     <msg level="INFO" timestamp="20250307 15:16:02.804">
      Typing text 'DDIC' into text field 'wnd[0]/usr/txtRSYST-BNAME'.
     </msg>
     <status endtime="20250307 15:16:02.804" starttime="20250307 15:16:02.787" status="PASS"/>
    </kw>
    <kw library="SAP_Tcode_Library" name="Input Password">
     <arg>
      wnd[0]/usr/pwdRSYST-BCODE
     </arg>
     <arg>
      %{PVH_User_Password}
     </arg>
     <doc>
      Inserts the given password into the text field identified by locator.
The password is not recorded in the log.
     </doc>
     <msg level="INFO" timestamp="20250307 15:16:02.810">
      Typing password into text field 'wnd[0]/usr/pwdRSYST-BCODE'.
     </msg>
     <status endtime="20250307 15:16:02.811" starttime="20250307 15:16:02.805" status="PASS"/>
    </kw>
    <kw library="SAP_Tcode_Library" name="Send Vkey">
     <arg>
      0
     </arg>
     <doc>
      Sends a SAP virtual key combination to the window, not into an element.
If you want to send a value to a text field, use `input text` instead.
     </doc>
     <status endtime="20250307 15:16:03.529" starttime="20250307 15:16:02.811" status="PASS"/>
    </kw>
    <kw library="BuiltIn" name="Sleep">
     <arg>
      3
     </arg>
     <doc>
      Pauses the test executed for the given time.
     </doc>
     <msg level="INFO" timestamp="20250307 15:16:06.530">
      Slept 3 seconds
     </msg>
     <status endtime="20250307 15:16:06.531" starttime="20250307 15:16:03.529" status="PASS"/>
    </kw>
    <kw library="SAP_Tcode_Library" name="Multiple Logon Handling">
     <arg>
      wnd[1]
     </arg>
     <arg>
      wnd[1]/usr/radMULTI_LOGON_OPT2
     </arg>
     <arg>
      wnd[1]/tbar[0]/btn[0]
     </arg>
     <status endtime="20250307 15:16:06.533" starttime="20250307 15:16:06.531" status="PASS"/>
    </kw>
    <kw library="BuiltIn" name="Sleep">
     <arg>
      5
     </arg>
     <doc>
      Pauses the test executed for the given time.
     </doc>
     <msg level="INFO" timestamp="20250307 15:16:11.534">
      Slept 5 seconds
     </msg>
     <status endtime="20250307 15:16:11.534" starttime="20250307 15:16:06.533" status="PASS"/>
    </kw>
    <status endtime="20250307 15:16:11.534" starttime="20250307 15:15:52.009" status="PASS"/>
   </kw>
   <test id="s1-s1-t1" line="8" name="PVH-sm61">
    <kw library="PVH-sm61" name="PVH-sm61">
     <kw library="SAP_Tcode_Library" name="Run Transaction">
      <arg>
       /nsm61
      </arg>
      <doc>
       Runs a Sap transaction. An error is given when an unknown transaction is specified.
      </doc>
      <status endtime="20250307 15:16:12.096" starttime="20250307 15:16:11.536" status="PASS"/>
     </kw>
     <kw library="BuiltIn" name="Sleep">
      <arg>
       1
      </arg>
      <doc>
       Pauses the test executed for the given time.
      </doc>
      <msg level="INFO" timestamp="20250307 15:16:13.098">
       Slept 1 second
      </msg>
      <status endtime="20250307 15:16:13.098" starttime="20250307 15:16:12.097" status="PASS"/>
     </kw>
     <kw library="SAP_Tcode_Library" name="Take Screenshot">
      <arg>
       013_sm61_01.jpg
      </arg>
      <doc>
       Takes a screenshot, only if 'screenshots on error' has been enabled,
either at import of with keyword `enable screenshots on error`.
      </doc>
      <msg html="true" level="INFO" timestamp="20250307 15:16:13.215">
       &lt;a href="pabot_results%5C0%5C013_sm61_01.jpg"&gt;&lt;img src="pabot_results%5C0%5C013_sm61_01.jpg" width="800px"&gt;&lt;/a&gt;
      </msg>
      <status endtime="20250307 15:16:13.215" starttime="20250307 15:16:13.098" status="PASS"/>
     </kw>
     <kw library="BuiltIn" name="Sleep">
      <arg>
       1
      </arg>
      <doc>
       Pauses the test executed for the given time.
      </doc>
      <msg level="INFO" timestamp="20250307 15:16:14.216">
       Slept 1 second
      </msg>
      <status endtime="20250307 15:16:14.217" starttime="20250307 15:16:13.215" status="PASS"/>
     </kw>
     <kw library="SAP_Tcode_Library" name="Click Element">
      <arg>
       wnd[0]/tbar[1]/btn[14]
      </arg>
      <doc>
       Performs a single click on a given element. Used only for buttons, tabs and menu items.
      </doc>
      <status endtime="20250307 15:16:14.416" starttime="20250307 15:16:14.217" status="PASS"/>
     </kw>
     <kw library="BuiltIn" name="Sleep">
      <arg>
       1
      </arg>
      <doc>
       Pauses the test executed for the given time.
      </doc>
      <msg level="INFO" timestamp="20250307 15:16:15.418">
       Slept 1 second
      </msg>
      <status endtime="20250307 15:16:15.418" starttime="20250307 15:16:14.417" status="PASS"/>
     </kw>
     <kw library="SAP_Tcode_Library" name="Take Screenshot">
      <arg>
       013_sm61_02.jpg
      </arg>
      <doc>
       Takes a screenshot, only if 'screenshots on error' has been enabled,
either at import of with keyword `enable screenshots on error`.
      </doc>
      <msg html="true" level="INFO" timestamp="20250307 15:16:15.482">
       &lt;a href="pabot_results%5C0%5C013_sm61_02.jpg"&gt;&lt;img src="pabot_results%5C0%5C013_sm61_02.jpg" width="800px"&gt;&lt;/a&gt;
      </msg>
      <status endtime="20250307 15:16:15.482" starttime="20250307 15:16:15.418" status="PASS"/>
     </kw>
     <kw library="BuiltIn" name="Sleep">
      <arg>
       1
      </arg>
      <doc>
       Pauses the test executed for the given time.
      </doc>
      <msg level="INFO" timestamp="20250307 15:16:16.483">
       Slept 1 second
      </msg>
      <status endtime="20250307 15:16:16.483" starttime="20250307 15:16:15.483" status="PASS"/>
     </kw>
     <kw library="Merger" name="Copy Images">
      <arg>
       ${OUTPUT_DIR}
      </arg>
      <arg>
       ${symvar('PVH_Target_Dir')}
      </arg>
      <msg level="INFO" timestamp="20250307 15:16:16.485">
       Sym.Dev.PVH_Target_Dir: C:\tmp\PVH\Pre\
      </msg>
      <msg level="INFO" timestamp="20250307 15:16:16.661">
       Copied: 013_sm61_01.jpg
Copied: 013_sm61_02.jpg
Skipped: Output.xml - Not a valid image file or format not supported. Error: cannot identify image file 'C:\\Replay\\PVH\\Output\\d4a85e36-a3bc-409e-bba8-e24ec76acb92\\pabot_results\\0\\Output.xml'
Skipped: robot_stderr.out - Not a valid image file or format not supported. Error: cannot identify image file 'C:\\Replay\\PVH\\Output\\d4a85e36-a3bc-409e-bba8-e24ec76acb92\\pabot_results\\0\\robot_stderr.out'
Skipped: robot_stdout.out - Not a valid image file or format not supported. Error: cannot identify image file 'C:\\Replay\\PVH\\Output\\d4a85e36-a3bc-409e-bba8-e24ec76acb92\\pabot_results\\0\\robot_stdout.out'
      </msg>
      <status endtime="20250307 15:16:16.661" starttime="20250307 15:16:16.484" status="PASS"/>
     </kw>
     <kw library="BuiltIn" name="Sleep">
      <arg>
       1
      </arg>
      <doc>
       Pauses the test executed for the given time.
      </doc>
      <msg level="INFO" timestamp="20250307 15:16:17.662">
       Slept 1 second
      </msg>
      <status endtime="20250307 15:16:17.662" starttime="20250307 15:16:16.661" status="PASS"/>
     </kw>
     <kw library="Merger" name="Images To Pdf">
      <arg>
       image_folder=${symvar('PVH_Target_Dir')}
      </arg>
      <arg>
       output_pdf=${symvar('PVH_Target_Dir')}//${symvar('PVH_PDFFILE_NAME')}
      </arg>
      <msg level="INFO" timestamp="20250307 15:16:17.663">
       Sym.Dev.PVH_Target_Dir: C:\tmp\PVH\Pre\
      </msg>
      <msg level="INFO" timestamp="20250307 15:16:17.664">
       Sym.Dev.PVH_Target_Dir: C:\tmp\PVH\Pre\
      </msg>
      <msg level="WARN" timestamp="20250307 15:16:17.664">
       Failed to fetch value for field: Sym.Dev.PVH_PDFFILE_NAME
      </msg>
      <msg level="WARN" timestamp="20250307 15:16:17.682">
       Traceback (most recent call last):
  File "C:\Replay\PVH\Execution\Access_Data.py", line 58, in get_data
    field_value = eval(command)
  File "&lt;string&gt;", line 1, in &lt;module&gt;
AttributeError: module 'Data.Symphony.Dev' has no attribute 'PVH_PDFFILE_NAME'
      </msg>
      <msg level="INFO" timestamp="20250307 15:16:17.683">
       An error occurred: name 'FPDF' is not defined
      </msg>
      <status endtime="20250307 15:16:17.683" starttime="20250307 15:16:17.662" status="PASS"/>
     </kw>
     <kw library="BuiltIn" name="Sleep">
      <arg>
       1
      </arg>
      <doc>
       Pauses the test executed for the given time.
      </doc>
      <msg level="INFO" timestamp="20250307 15:16:18.684">
       Slept 1 second
      </msg>
      <status endtime="20250307 15:16:18.684" starttime="20250307 15:16:17.683" status="PASS"/>
     </kw>
     <status endtime="20250307 15:16:18.684" starttime="20250307 15:16:11.535" status="PASS"/>
    </kw>
    <tag>
     pvh-sm61
    </tag>
    <tag>
     Regression
    </tag>
    <status endtime="20250307 15:16:18.685" starttime="20250307 15:16:11.534" status="PASS"/>
   </test>
   <kw library="PVH-sm61" name="System Logout" type="TEARDOWN">
    <kw library="SAP_Tcode_Library" name="Run Transaction">
     <arg>
      /nex
     </arg>
     <doc>
      Runs a Sap transaction. An error is given when an unknown transaction is specified.
     </doc>
     <status endtime="20250307 15:16:18.730" starttime="20250307 15:16:18.687" status="PASS"/>
    </kw>
    <kw library="BuiltIn" name="Sleep">
     <arg>
      5
     </arg>
     <doc>
      Pauses the test executed for the given time.
     </doc>
     <msg level="INFO" timestamp="20250307 15:16:23.731">
      Slept 5 seconds
     </msg>
     <status endtime="20250307 15:16:23.731" starttime="20250307 15:16:18.730" status="PASS"/>
    </kw>
    <status endtime="20250307 15:16:23.731" starttime="20250307 15:16:18.687" status="PASS"/>
   </kw>
   <status endtime="20250307 15:16:23.731" starttime="20250307 15:15:51.982" status="PASS"/>
  </suite>
  <doc>
   Testing functionality through Robot Framework
  </doc>
  <meta name="environment">
   Dev
  </meta>
  <meta name="test_browser_name">
   chrome
  </meta>
  <meta name="test_browser_version">
   134.0.6998.36
  </meta>
  <meta name="test_driver_version">
   134.0.6998.35
  </meta>
  <meta name="test_environment">
   Dev
  </meta>
  <meta name="test_freeze_dependencies">
   astroid==3.3.8,attrs==25.1.0,beautifulsoup4==4.13.3,bs4==0.0.2,certifi==2025.1.31,cffi==1.17.1,chardet==5.2.0,charset-normalizer==3.4.1,click==8.1.8,colorama==0.4.6,cryptography==44.0.2,defusedxml==0.7.1,dill==0.3.9,docutils==0.21.2,et_xmlfile==2.0.0,exceptiongroup==1.2.2,gitdb==4.0.12,GitPython==3.1.44,h11==0.14.0,idna==3.10,isort==6.0.1,Jinja2==3.1.5,jira==3.8.0,jsonpath-ng==1.7.0,jsonschema==4.23.0,jsonschema-specifications==2024.10.1,lazy-object-proxy==1.10.0,lxml==5.3.1,markdown-it-py==3.0.0,MarkupSafe==3.0.2,mccabe==0.7.0,mdurl==0.1.2,natsort==8.4.0,oauthlib==3.2.2,openpyxl==3.1.5,outcome==1.3.0.post0,packaging==24.2,pathspec==0.11.2,pillow==11.1.0,pip==25.0.1,platformdirs==4.3.6,ply==3.11,pycparser==2.22,Pygments==2.19.1,pylint==3.3.4,PySocks==1.7.1,pywin32==308,PyYAML==6.0.2,referencing==0.36.2,requests==2.32.3,requests-oauthlib==2.0.0,requests-toolbelt==1.0.0,rich==13.9.4,rich-click==1.6.1,robotframework==6.0.2,robotframework-datadriver==1.9.0,robotframework-excellib==2.0.1,robotframework-jsonlibrary==0.5,robotframework-pabot==2.16.0,robotframework-pythonlibcore==4.2.0,robotframework-requests==0.9.2,robotframework-sapguilibrary==1.1,robotframework-seleniumlibrary==5.1.3,robotframework-stacktrace==0.4.1,robotframework-tidy==4.5.0,rpds-py==0.23.1,selenium==4.9.1,setuptools==75.8.2,smmap==5.0.2,sniffio==1.3.1,sortedcontainers==2.4.0,soupsieve==2.6,tomli==2.0.2,tomlkit==0.13.2,trio==0.29.0,trio-websocket==0.12.2,typing_extensions==4.12.2,urllib3==2.3.0,wheel==0.45.1,wrapt==1.17.2,wsproto==1.2.0
  </meta>
  <status endtime="20250307 15:16:23.840" starttime="20250307 15:15:45.796" status="PASS"/>
 </suite>
 <statistics>
  <total>
   <stat fail="0" pass="1" skip="0">
    All Tests
   </stat>
  </total>
  <tag>
   <stat fail="0" pass="1" skip="0">
    pvh-sm61
   </stat>
   <stat fail="0" pass="1" skip="0">
    Regression
   </stat>
  </tag>
  <suite>
   <stat fail="0" id="s1" name="Tests" pass="1" skip="0">
    Tests
   </stat>
   <stat fail="0" id="s1-s1" name="Test PVH-sm61" pass="1" skip="0">
    Tests.Test PVH-sm61
   </stat>
  </suite>
 </statistics>
 <errors>
  <msg level="WARN" timestamp="20250307 15:16:17.664">
   Failed to fetch value for field: Sym.Dev.PVH_PDFFILE_NAME
  </msg>
  <msg level="WARN" timestamp="20250307 15:16:17.682">
   Traceback (most recent call last):
  File "C:\Replay\PVH\Execution\Access_Data.py", line 58, in get_data
    field_value = eval(command)
  File "&lt;string&gt;", line 1, in &lt;module&gt;
AttributeError: module 'Data.Symphony.Dev' has no attribute 'PVH_PDFFILE_NAME'
  </msg>
 </errors>
</robot>
